2026.07.12 09:33:27 INFO  Started: Metals version 1.6.7 in folders '/home/tushar/Desktop/hackathon/Asset-management-app' for client Visual Studio Code 1.118.1.
2026.07.12 09:33:27 INFO  Memory monitor started
2026.07.12 09:33:27 WARN  Using H2 2.4.240 which is newer than the version Flyway has been verified with. The latest verified version of H2 is 2.3.232.
2026.07.12 09:33:27 INFO  no build target found for /home/tushar/Desktop/hackathon/Asset-management-app/assetapp/build.sbt. Using presentation compiler with project's scala-library version: 3.3.7
2026.07.12 09:33:29 INFO  no build target found for /home/tushar/Desktop/hackathon/Asset-management-app/assetapp/build.sbt. Using presentation compiler with project's scala-library version: 3.3.7
2026.07.12 09:33:29 INFO  no build target found for /home/tushar/Desktop/hackathon/Asset-management-app/assetapp/build.sbt. Using presentation compiler with project's scala-library version: 3.3.7
2026.07.12 09:33:29 INFO  no build target found for /home/tushar/Desktop/hackathon/Asset-management-app/assetapp/build.sbt. Using presentation compiler with project's scala-library version: 3.3.7
2026.07.12 09:33:30 INFO  no build target found for /home/tushar/Desktop/hackathon/Asset-management-app/assetapp/build.sbt. Using presentation compiler with project's scala-library version: 3.3.7
2026.07.12 09:33:30 INFO  no build target found for /home/tushar/Desktop/hackathon/Asset-management-app/assetapp/build.sbt. Using presentation compiler with project's scala-library version: 3.3.7
2026.07.12 09:33:30 INFO  no build target found for /home/tushar/Desktop/hackathon/Asset-management-app/assetapp/build.sbt. Using presentation compiler with project's scala-library version: 3.3.7
2026.07.12 09:33:31 INFO  no build target found for /home/tushar/Desktop/hackathon/Asset-management-app/assetapp/build.sbt. Using presentation compiler with project's scala-library version: 3.3.7
2026.07.12 09:33:34 INFO  no build target found for /home/tushar/Desktop/hackathon/Asset-management-app/assetapp/build.sbt. Using presentation compiler with project's scala-library version: 3.3.7
2026.07.12 09:33:48 INFO  no build target found for /home/tushar/Desktop/hackathon/Asset-management-app/assetapp/build.sbt. Using presentation compiler with project's scala-library version: 3.3.7
2026.07.12 09:33:49 INFO  no build target found for /home/tushar/Desktop/hackathon/Asset-management-app/assetapp/build.sbt. Using presentation compiler with project's scala-library version: 3.3.7
2026.07.12 09:33:48 INFO  no build target found for /home/tushar/Desktop/hackathon/Asset-management-app/assetapp/build.sbt. Using presentation compiler with project's scala-library version: 3.3.7
2026.07.12 09:34:10 INFO  no build target found for /home/tushar/Desktop/hackathon/Asset-management-app/assetapp/build.sbt. Using presentation compiler with project's scala-library version: 3.3.7
2026.07.12 09:34:10 INFO  no build target found for /home/tushar/Desktop/hackathon/Asset-management-app/assetapp/build.sbt. Using presentation compiler with project's scala-library version: 3.3.7
2026.07.12 09:34:10 INFO  no build target found for /home/tushar/Desktop/hackathon/Asset-management-app/assetapp/build.sbt. Using presentation compiler with project's scala-library version: 3.3.7
2026.07.12 09:34:10 INFO  no build target found for /home/tushar/Desktop/hackathon/Asset-management-app/assetapp/build.sbt. Using presentation compiler with project's scala-library version: 3.3.7
2026.07.12 09:34:13 INFO  no build target found for /home/tushar/Desktop/hackathon/Asset-management-app/assetapp/build.sbt. Using presentation compiler with project's scala-library version: 3.3.7
2026.07.12 09:34:13 INFO  no build target found for /home/tushar/Desktop/hackathon/Asset-management-app/assetapp/build.sbt. Using presentation compiler with project's scala-library version: 3.3.7
2026.07.12 09:34:13 INFO  no build target found for /home/tushar/Desktop/hackathon/Asset-management-app/assetapp/build.sbt. Using presentation compiler with project's scala-library version: 3.3.7
2026.07.12 09:34:13 INFO  no build target found for /home/tushar/Desktop/hackathon/Asset-management-app/assetapp/build.sbt. Using presentation compiler with project's scala-library version: 3.3.7
2026.07.12 09:34:13 INFO  no build target found for /home/tushar/Desktop/hackathon/Asset-management-app/assetapp/build.sbt. Using presentation compiler with project's scala-library version: 3.3.7
2026.07.12 09:34:13 INFO  no build target found for /home/tushar/Desktop/hackathon/Asset-management-app/assetapp/build.sbt. Using presentation compiler with project's scala-library version: 3.3.7
2026.07.12 09:34:14 INFO  no build target found for /home/tushar/Desktop/hackathon/Asset-management-app/assetapp/build.sbt. Using presentation compiler with project's scala-library version: 3.3.7
2026.07.12 09:34:14 INFO  no build target found for /home/tushar/Desktop/hackathon/Asset-management-app/assetapp/build.sbt. Using presentation compiler with project's scala-library version: 3.3.7
2026.07.12 09:34:14 INFO  no build target found for /home/tushar/Desktop/hackathon/Asset-management-app/assetapp/build.sbt. Using presentation compiler with project's scala-library version: 3.3.7
2026.07.12 09:34:15 INFO  no build target found for /home/tushar/Desktop/hackathon/Asset-management-app/assetapp/build.sbt. Using presentation compiler with project's scala-library version: 3.3.7
2026.07.12 09:34:14 INFO  no build target found for /home/tushar/Desktop/hackathon/Asset-management-app/assetapp/build.sbt. Using presentation compiler with project's scala-library version: 3.3.7
2026.07.12 09:34:14 INFO  no build target found for /home/tushar/Desktop/hackathon/Asset-management-app/assetapp/build.sbt. Using presentation compiler with project's scala-library version: 3.3.7
2026.07.12 09:34:15 INFO  no build target found for /home/tushar/Desktop/hackathon/Asset-management-app/assetapp/build.sbt. Using presentation compiler with project's scala-library version: 3.3.7
2026.07.12 09:34:16 INFO  no build target found for /home/tushar/Desktop/hackathon/Asset-management-app/assetapp/build.sbt. Using presentation compiler with project's scala-library version: 3.3.7
2026.07.12 09:34:17 INFO  no build target found for /home/tushar/Desktop/hackathon/Asset-management-app/assetapp/build.sbt. Using presentation compiler with project's scala-library version: 3.3.7
2026.07.12 09:34:17 INFO  no build target found for /home/tushar/Desktop/hackathon/Asset-management-app/assetapp/build.sbt. Using presentation compiler with project's scala-library version: 3.3.7
2026.07.12 09:34:17 INFO  no build target found for /home/tushar/Desktop/hackathon/Asset-management-app/assetapp/build.sbt. Using presentation compiler with project's scala-library version: 3.3.7
2026.07.12 09:34:17 INFO  no build target found for /home/tushar/Desktop/hackathon/Asset-management-app/assetapp/build.sbt. Using presentation compiler with project's scala-library version: 3.3.7
2026.07.12 09:34:17 INFO  no build target found for /home/tushar/Desktop/hackathon/Asset-management-app/assetapp/build.sbt. Using presentation compiler with project's scala-library version: 3.3.7
2026.07.12 09:34:18 INFO  no build target found for /home/tushar/Desktop/hackathon/Asset-management-app/assetapp/build.sbt. Using presentation compiler with project's scala-library version: 3.3.7
2026.07.12 09:34:21 INFO  no build target found for /home/tushar/Desktop/hackathon/Asset-management-app/assetapp/build.sbt. Using presentation compiler with project's scala-library version: 3.3.7
2026.07.12 09:34:21 INFO  no build target found for /home/tushar/Desktop/hackathon/Asset-management-app/assetapp/build.sbt. Using presentation compiler with project's scala-library version: 3.3.7
2026.07.12 09:34:22 INFO  no build target found for /home/tushar/Desktop/hackathon/Asset-management-app/assetapp/build.sbt. Using presentation compiler with project's scala-library version: 3.3.7
2026.07.12 09:34:22 INFO  no build target found for /home/tushar/Desktop/hackathon/Asset-management-app/assetapp/build.sbt. Using presentation compiler with project's scala-library version: 3.3.7
2026.07.12 09:34:22 INFO  no build target found for /home/tushar/Desktop/hackathon/Asset-management-app/assetapp/build.sbt. Using presentation compiler with project's scala-library version: 3.3.7
2026.07.12 09:34:23 INFO  no build target found for /home/tushar/Desktop/hackathon/Asset-management-app/assetapp/build.sbt. Using presentation compiler with project's scala-library version: 3.3.7
2026.07.12 09:34:23 INFO  no build target found for /home/tushar/Desktop/hackathon/Asset-management-app/assetapp/build.sbt. Using presentation compiler with project's scala-library version: 3.3.7
2026.07.12 09:34:24 INFO  no build target found for /home/tushar/Desktop/hackathon/Asset-management-app/assetapp/build.sbt. Using presentation compiler with project's scala-library version: 3.3.7
2026.07.12 09:34:26 INFO  no build target found for /home/tushar/Desktop/hackathon/Asset-management-app/assetapp/build.sbt. Using presentation compiler with project's scala-library version: 3.3.7
2026.07.12 09:34:26 INFO  no build target found for /home/tushar/Desktop/hackathon/Asset-management-app/assetapp/build.sbt. Using presentation compiler with project's scala-library version: 3.3.7
2026.07.12 09:34:26 INFO  no build target found for /home/tushar/Desktop/hackathon/Asset-management-app/assetapp/build.sbt. Using presentation compiler with project's scala-library version: 3.3.7
2026.07.12 09:34:27 INFO  no build target found for /home/tushar/Desktop/hackathon/Asset-management-app/assetapp/build.sbt. Using presentation compiler with project's scala-library version: 3.3.7
2026.07.12 09:34:30 INFO  no build target found for /home/tushar/Desktop/hackathon/Asset-management-app/assetapp/build.sbt. Using presentation compiler with project's scala-library version: 3.3.7
2026.07.12 09:34:35 INFO  no build target found for /home/tushar/Desktop/hackathon/Asset-management-app/assetapp/build.sbt. Using presentation compiler with project's scala-library version: 3.3.7
2026.07.12 09:34:35 INFO  no build target found for /home/tushar/Desktop/hackathon/Asset-management-app/assetapp/build.sbt. Using presentation compiler with project's scala-library version: 3.3.7
2026.07.12 09:34:37 INFO  no build target found for /home/tushar/Desktop/hackathon/Asset-management-app/assetapp/build.sbt. Using presentation compiler with project's scala-library version: 3.3.7
2026.07.12 09:34:38 INFO  no build target found for /home/tushar/Desktop/hackathon/Asset-management-app/assetapp/build.sbt. Using presentation compiler with project's scala-library version: 3.3.7
2026.07.12 09:34:39 INFO  no build target found for /home/tushar/Desktop/hackathon/Asset-management-app/assetapp/build.sbt. Using presentation compiler with project's scala-library version: 3.3.7
2026.07.12 09:34:39 INFO  no build target found for /home/tushar/Desktop/hackathon/Asset-management-app/assetapp/build.sbt. Using presentation compiler with project's scala-library version: 3.3.7
2026.07.12 09:34:40 INFO  no build target found for /home/tushar/Desktop/hackathon/Asset-management-app/assetapp/build.sbt. Using presentation compiler with project's scala-library version: 3.3.7
2026.07.12 09:34:39 INFO  no build target found for /home/tushar/Desktop/hackathon/Asset-management-app/assetapp/build.sbt. Using presentation compiler with project's scala-library version: 3.3.7
2026.07.12 09:34:41 INFO  no build target found for /home/tushar/Desktop/hackathon/Asset-management-app/assetapp/build.sbt. Using presentation compiler with project's scala-library version: 3.3.7
2026.07.12 09:36:47 INFO  no build target found for /home/tushar/Desktop/hackathon/Asset-management-app/assetapp/build.sbt. Using presentation compiler with project's scala-library version: 3.3.7
2026.07.12 09:36:53 INFO  no build target found for /home/tushar/Desktop/hackathon/Asset-management-app/assetapp/build.sbt. Using presentation compiler with project's scala-library version: 3.3.7
2026.07.12 09:38:01 INFO  no build target found for /home/tushar/Desktop/hackathon/Asset-management-app/assetapp/build.sbt. Using presentation compiler with project's scala-library version: 3.3.7
2026.07.12 09:38:04 INFO  no build target found for /home/tushar/Desktop/hackathon/Asset-management-app/assetapp/build.sbt. Using presentation compiler with project's scala-library version: 3.3.7
2026.07.12 09:38:04 WARN  no build target for: /home/tushar/Desktop/hackathon/Asset-management-app/assetapp/build.sbt
2026.07.12 09:38:04 INFO  no build target found for /home/tushar/Desktop/hackathon/Asset-management-app/assetapp/build.sbt. Using presentation compiler with project's scala-library version: 3.3.7
2026.07.12 09:38:28 INFO  running '/home/tushar/.local/share/coursier/bin/sbt -Dbloop.export-jar-classifiers=sources bloopInstall'
2026.07.12 09:38:30 INFO  [info] welcome to sbt 1.12.13 (Eclipse Adoptium Java 21.0.11)
2026.07.12 09:38:32 INFO  [info] loading settings for project assetapp-build-build-build from metals.sbt...
2026.07.12 09:38:32 INFO  [info] loading project definition from /home/tushar/Desktop/hackathon/Asset-management-app/assetapp/project/project/project
2026.07.12 09:38:35 INFO  [info] loading settings for project assetapp-build-build from metals.sbt...
2026.07.12 09:38:35 INFO  [info] loading project definition from /home/tushar/Desktop/hackathon/Asset-management-app/assetapp/project/project
2026.07.12 09:38:40 INFO  [success] Generated .bloop/assetapp-build-build.json
2026.07.12 09:38:40 INFO  [success] Total time: 5 s, completed 12-Jul-2026, 9:38:40 am
2026.07.12 09:38:40 INFO  [info] loading settings for project assetapp-build from metals.sbt, plugins.sbt...
2026.07.12 09:38:40 INFO  [info] loading project definition from /home/tushar/Desktop/hackathon/Asset-management-app/assetapp/project
2026.07.12 09:38:43 INFO  [success] Generated .bloop/assetapp-build.json
2026.07.12 09:38:43 INFO  [success] Total time: 3 s, completed 12-Jul-2026, 9:38:44 am
2026.07.12 09:38:45 INFO  [info] loading settings for project root from build.sbt...
2026.07.12 09:38:45 INFO  [info]   __              __
2026.07.12 09:38:45 INFO  [info]   \ \     ____   / /____ _ __  __
2026.07.12 09:38:45 INFO  [info]    \ \   / __ \ / // __ `// / / /
2026.07.12 09:38:45 INFO  [info]    / /  / /_/ // // /_/ // /_/ /
2026.07.12 09:38:45 INFO  [info]   /_/  / .___//_/ \__,_/ \__, /
2026.07.12 09:38:45 INFO  [info]       /_/               /____/
2026.07.12 09:38:45 INFO  [info] 
2026.07.12 09:38:45 INFO  [info] Version 3.0.11 running Java 21.0.11
2026.07.12 09:38:45 INFO  [info] 
2026.07.12 09:38:45 INFO  [info] Play is run entirely by the community. Please consider contributing and/or donating:
2026.07.12 09:38:45 INFO  [info] https://www.playframework.com/sponsors
2026.07.12 09:38:45 INFO  [info] 
2026.07.12 09:38:49 INFO  no build target found for /home/tushar/Desktop/hackathon/Asset-management-app/assetapp/build.sbt. Using presentation compiler with project's scala-library version: 3.3.7
2026.07.12 09:39:17 INFO  [success] Generated .bloop/root.json
2026.07.12 09:39:17 INFO  [success] Generated .bloop/root-test.json
2026.07.12 09:39:17 INFO  [success] Total time: 31 s, completed 12-Jul-2026, 9:39:17 am
2026.07.12 09:39:17 INFO  time: ran 'sbt bloopInstall' in 49s
2026.07.12 09:39:17 INFO  Attempting to connect to the build server...
2026.07.12 09:39:17 INFO  Found a Bloop server running
2026.07.12 09:39:17 INFO  tracing is disabled for protocol BSP, to enable tracing of incoming and outgoing JSON messages create an empty file at /home/tushar/Desktop/hackathon/Asset-management-app/.metals/bsp.trace.json or /home/tushar/.cache/metals/bsp.trace.json
2026.07.12 09:39:17 INFO  time: Connected to build server in 0.48s
2026.07.12 09:39:17 INFO  Connected to Build server: Bloop v2.0.19
2026.07.12 09:39:18 INFO  time: Imported build in 0.15s
2026.07.12 09:39:21 WARN  Using H2 2.4.240 which is newer than the version Flyway has been verified with. The latest verified version of H2 is 2.3.232.
2026.07.12 09:39:31 INFO  time: indexed workspace in 13s
2026.07.12 09:39:31 WARN  no build target for: /home/tushar/Desktop/hackathon/Asset-management-app/assetapp/build.sbt
2026.07.12 09:39:31 INFO  no build target found for /home/tushar/Desktop/hackathon/Asset-management-app/assetapp/build.sbt. Using presentation compiler with project's scala-library version: 3.3.8
2026.07.12 09:39:31 INFO  no build target found for /home/tushar/Desktop/hackathon/Asset-management-app/assetapp/build.sbt. Using presentation compiler with project's scala-library version: 3.3.8
2026.07.12 09:39:31 WARN  no build target for: /home/tushar/Desktop/hackathon/Asset-management-app/assetapp/build.sbt
2026.07.12 09:39:34 INFO  time: code lens generation in 2.35s
2026.07.12 09:39:34 INFO  time: code lens generation in 2.35s
2026.07.12 09:39:34 INFO  time: code lens generation in 2.35s
2026.07.12 09:39:34 INFO  time: code lens generation in 2.35s
2026.07.12 09:39:34 INFO  time: code lens generation in 2.35s
2026.07.12 09:39:34 INFO  time: code lens generation in 2.35s
2026.07.12 09:39:34 INFO  time: code lens generation in 2.35s
2026.07.12 09:39:34 INFO  time: code lens generation in 2.36s
2026.07.12 09:39:34 INFO  time: code lens generation in 2.35s
2026.07.12 09:39:34 INFO  time: code lens generation in 2.35s
2026.07.12 09:39:34 INFO  time: code lens generation in 2.36s
2026.07.12 09:39:34 INFO  time: code lens generation in 2.36s
2026.07.12 09:39:34 INFO  time: code lens generation in 2.36s
2026.07.12 09:39:34 INFO  time: code lens generation in 2.36s
2026.07.12 09:39:34 INFO  time: code lens generation in 1.8s
2026.07.12 09:39:34 INFO  time: code lens generation in 2.36s
2026.07.12 09:39:34 INFO  time: code lens generation in 2.36s
2026.07.12 09:39:34 INFO  no build target found for /home/tushar/Desktop/hackathon/Asset-management-app/assetapp/build.sbt. Using presentation compiler with project's scala-library version: 3.3.8
2026.07.12 09:42:18 INFO  no build target found for /home/tushar/Desktop/hackathon/Asset-management-app/assetapp/build.sbt. Using presentation compiler with project's scala-library version: 3.3.8
2026.07.12 09:42:18 WARN  no build target for: /home/tushar/Desktop/hackathon/Asset-management-app/assetapp/build.sbt
2026.07.12 09:42:18 INFO  no build target found for /home/tushar/Desktop/hackathon/Asset-management-app/assetapp/build.sbt. Using presentation compiler with project's scala-library version: 3.3.8
2026.07.12 09:42:18 INFO  no build target found for /home/tushar/Desktop/hackathon/Asset-management-app/assetapp/build.sbt. Using presentation compiler with project's scala-library version: 3.3.8
2026.07.12 09:42:18 INFO  no build target found for /home/tushar/Desktop/hackathon/Asset-management-app/assetapp/build.sbt. Using presentation compiler with project's scala-library version: 3.3.8
2026.07.12 09:42:18 INFO  no build target found for /home/tushar/Desktop/hackathon/Asset-management-app/assetapp/build.sbt. Using presentation compiler with project's scala-library version: 3.3.8
2026.07.12 09:42:20 INFO  no build target found for /home/tushar/Desktop/hackathon/Asset-management-app/assetapp/build.sbt. Using presentation compiler with project's scala-library version: 3.3.8
2026.07.12 09:42:20 INFO  no build target found for /home/tushar/Desktop/hackathon/Asset-management-app/assetapp/build.sbt. Using presentation compiler with project's scala-library version: 3.3.8
2026.07.12 09:46:49 INFO  no build target found for /home/tushar/Desktop/hackathon/Asset-management-app/assetapp/build.sbt. Using presentation compiler with project's scala-library version: 3.3.8
2026.07.12 09:46:49 WARN  no build target for: /home/tushar/Desktop/hackathon/Asset-management-app/assetapp/build.sbt
2026.07.12 09:46:49 INFO  no build target found for /home/tushar/Desktop/hackathon/Asset-management-app/assetapp/build.sbt. Using presentation compiler with project's scala-library version: 3.3.8
2026.07.12 09:46:49 INFO  no build target found for /home/tushar/Desktop/hackathon/Asset-management-app/assetapp/build.sbt. Using presentation compiler with project's scala-library version: 3.3.8
2026.07.12 09:46:49 INFO  no build target found for /home/tushar/Desktop/hackathon/Asset-management-app/assetapp/build.sbt. Using presentation compiler with project's scala-library version: 3.3.8
2026.07.12 09:46:49 INFO  no build target found for /home/tushar/Desktop/hackathon/Asset-management-app/assetapp/build.sbt. Using presentation compiler with project's scala-library version: 3.3.8
2026.07.12 09:46:52 INFO  no build target found for /home/tushar/Desktop/hackathon/Asset-management-app/assetapp/build.sbt. Using presentation compiler with project's scala-library version: 3.3.8
2026.07.12 09:46:53 INFO  no build target found for /home/tushar/Desktop/hackathon/Asset-management-app/assetapp/build.sbt. Using presentation compiler with project's scala-library version: 3.3.8
2026.07.12 09:46:54 INFO  no build target found for /home/tushar/Desktop/hackathon/Asset-management-app/assetapp/build.sbt. Using presentation compiler with project's scala-library version: 3.3.8
2026.07.12 09:46:54 INFO  no build target found for /home/tushar/Desktop/hackathon/Asset-management-app/assetapp/build.sbt. Using presentation compiler with project's scala-library version: 3.3.8
2026.07.12 09:46:53 INFO  no build target found for /home/tushar/Desktop/hackathon/Asset-management-app/assetapp/build.sbt. Using presentation compiler with project's scala-library version: 3.3.8
2026.07.12 09:46:54 INFO  no build target found for /home/tushar/Desktop/hackathon/Asset-management-app/assetapp/build.sbt. Using presentation compiler with project's scala-library version: 3.3.8
2026.07.12 09:46:54 INFO  no build target found for /home/tushar/Desktop/hackathon/Asset-management-app/assetapp/build.sbt. Using presentation compiler with project's scala-library version: 3.3.8
2026.07.12 09:46:55 INFO  no build target found for /home/tushar/Desktop/hackathon/Asset-management-app/assetapp/build.sbt. Using presentation compiler with project's scala-library version: 3.3.8
2026.07.12 09:46:57 WARN  no build target for: /home/tushar/Desktop/hackathon/Asset-management-app/assetapp/build.sbt
2026.07.12 09:46:57 INFO  no build target found for /home/tushar/Desktop/hackathon/Asset-management-app/assetapp/build.sbt. Using presentation compiler with project's scala-library version: 3.3.8
2026.07.12 09:47:01 INFO  running '/home/tushar/.local/share/coursier/bin/sbt -Dbloop.export-jar-classifiers=sources bloopInstall'
2026.07.12 09:47:02 INFO  [info] welcome to sbt 1.12.13 (Eclipse Adoptium Java 21.0.11)
2026.07.12 09:47:02 INFO  [info] loading settings for project assetapp-build-build-build from metals.sbt...
2026.07.12 09:47:04 INFO  [info] loading project definition from /home/tushar/Desktop/hackathon/Asset-management-app/assetapp/project/project/project
2026.07.12 09:47:04 INFO  [info] loading settings for project assetapp-build-build from metals.sbt...
2026.07.12 09:47:04 INFO  [info] loading project definition from /home/tushar/Desktop/hackathon/Asset-management-app/assetapp/project/project
2026.07.12 09:47:06 INFO  [success] Generated .bloop/assetapp-build-build.json
2026.07.12 09:47:06 INFO  [success] Total time: 2 s, completed 12-Jul-2026, 9:47:06 am
2026.07.12 09:47:06 INFO  [info] loading settings for project assetapp-build from metals.sbt, plugins.sbt...
2026.07.12 09:47:06 INFO  [info] loading project definition from /home/tushar/Desktop/hackathon/Asset-management-app/assetapp/project
2026.07.12 09:47:07 INFO  [success] Generated .bloop/assetapp-build.json
2026.07.12 09:47:07 INFO  [success] Total time: 1 s, completed 12-Jul-2026, 9:47:08 am
2026.07.12 09:47:10 INFO  [info] loading settings for project root from build.sbt...
2026.07.12 09:47:10 INFO  [info]   __              __
2026.07.12 09:47:10 INFO  [info]   \ \     ____   / /____ _ __  __
2026.07.12 09:47:10 INFO  [info]    \ \   / __ \ / // __ `// / / /
2026.07.12 09:47:10 INFO  [info]    / /  / /_/ // // /_/ // /_/ /
2026.07.12 09:47:10 INFO  [info]   /_/  / .___//_/ \__,_/ \__, /
2026.07.12 09:47:10 INFO  [info]       /_/               /____/
2026.07.12 09:47:10 INFO  [info] 
2026.07.12 09:47:10 INFO  [info] Version 3.0.11 running Java 21.0.11
2026.07.12 09:47:10 INFO  [info] 
2026.07.12 09:47:10 INFO  [info] Play is run entirely by the community. Please consider contributing and/or donating:
2026.07.12 09:47:10 INFO  [info] https://www.playframework.com/sponsors
2026.07.12 09:47:10 INFO  [info] 
2026.07.12 09:47:15 INFO  [success] Generated .bloop/root.json
2026.07.12 09:47:15 INFO  [success] Generated .bloop/root-test.json
2026.07.12 09:47:15 INFO  [success] Total time: 5 s, completed 12-Jul-2026, 9:47:15 am
2026.07.12 09:47:16 INFO  time: ran 'sbt bloopInstall' in 14s
2026.07.12 09:47:16 INFO  Disconnecting from Bloop session...
2026.07.12 09:47:16 INFO  Shut down connection with build server.
2026.07.12 09:47:16 INFO  Attempting to connect to the build server...
2026.07.12 09:47:16 INFO  Found a Bloop server running
2026.07.12 09:47:16 INFO  tracing is disabled for protocol BSP, to enable tracing of incoming and outgoing JSON messages create an empty file at /home/tushar/Desktop/hackathon/Asset-management-app/.metals/bsp.trace.json or /home/tushar/.cache/metals/bsp.trace.json
2026.07.12 09:47:16 INFO  time: Connected to build server in 0.13s
2026.07.12 09:47:16 INFO  Connected to Build server: Bloop v2.0.19
2026.07.12 09:47:19 INFO  time: indexed workspace in 2.69s
2026.07.12 09:47:19 WARN  no build target for: /home/tushar/Desktop/hackathon/Asset-management-app/assetapp/build.sbt
2026.07.12 09:47:19 INFO  no build target found for /home/tushar/Desktop/hackathon/Asset-management-app/assetapp/build.sbt. Using presentation compiler with project's scala-library version: 3.3.8
2026.07.12 09:47:19 INFO  no build target found for /home/tushar/Desktop/hackathon/Asset-management-app/assetapp/build.sbt. Using presentation compiler with project's scala-library version: 3.3.8
2026.07.12 09:47:35 INFO  no build target found for /home/tushar/Desktop/hackathon/Asset-management-app/assetapp/project/metals.sbt. Using presentation compiler with project's scala-library version: 3.3.8
2026.07.12 09:47:35 WARN  no build target for: /home/tushar/Desktop/hackathon/Asset-management-app/assetapp/project/metals.sbt
2026.07.12 09:47:35 WARN  no build target for: /home/tushar/Desktop/hackathon/Asset-management-app/assetapp/project/project/metals.sbt
2026.07.12 09:47:35 WARN  no build target for: /home/tushar/Desktop/hackathon/Asset-management-app/assetapp/project/project/project/metals.sbt
2026.07.12 09:47:35 WARN  no build target for: /home/tushar/Desktop/hackathon/Asset-management-app/assetapp/project/plugins.sbt
2026.07.12 09:47:35 INFO  no build target found for /home/tushar/Desktop/hackathon/Asset-management-app/assetapp/project/project/project/metals.sbt. Using presentation compiler with project's scala-library version: 3.3.8
Flag -deprecation set repeatedly
Flag -unchecked set repeatedly
Flag -deprecation set repeatedly
Flag -unchecked set repeatedly
2026.07.12 09:47:35 INFO  no build target found for /home/tushar/Desktop/hackathon/Asset-management-app/assetapp/project/plugins.sbt. Using presentation compiler with project's scala-library version: 3.3.8
2026.07.12 09:47:35 INFO  no build target found for /home/tushar/Desktop/hackathon/Asset-management-app/assetapp/project/project/metals.sbt. Using presentation compiler with project's scala-library version: 3.3.8
2026.07.12 09:47:36 INFO  compiling root (7 scala sources and 1 java source)
2026.07.12 09:47:36 WARN  Flag -deprecation set repeatedly
2026.07.12 09:47:36 WARN  Flag -unchecked set repeatedly
2026.07.12 09:47:43 INFO  time: compiled root in 7.51s
2026.07.12 09:47:43 INFO  compiling root (7 scala sources and 1 java source)
2026.07.12 09:47:43 WARN  Flag -deprecation set repeatedly
2026.07.12 09:47:43 WARN  Flag -unchecked set repeatedly
2026.07.12 09:47:46 INFO  time: compiled root in 3.01s
Flag -deprecation set repeatedly
Flag -unchecked set repeatedly
2026.07.12 09:50:35 INFO  no build target found for /home/tushar/Desktop/hackathon/Asset-management-app/assetapp/project/metals.sbt. Using presentation compiler with project's scala-library version: 3.3.8
2026.07.12 09:50:35 INFO  no build target found for /home/tushar/Desktop/hackathon/Asset-management-app/assetapp/project/project/metals.sbt. Using presentation compiler with project's scala-library version: 3.3.8
2026.07.12 09:50:35 INFO  no build target found for /home/tushar/Desktop/hackathon/Asset-management-app/assetapp/project/plugins.sbt. Using presentation compiler with project's scala-library version: 3.3.8
2026.07.12 09:50:35 INFO  no build target found for /home/tushar/Desktop/hackathon/Asset-management-app/assetapp/project/project/project/metals.sbt. Using presentation compiler with project's scala-library version: 3.3.8
2026.07.12 09:55:33 INFO  no build target found for /home/tushar/Desktop/hackathon/Asset-management-app/assetapp/build.sbt. Using presentation compiler with project's scala-library version: 3.3.8
2026.07.12 09:55:33 WARN  no build target for: /home/tushar/Desktop/hackathon/Asset-management-app/assetapp/build.sbt
2026.07.12 09:55:33 INFO  no build target found for /home/tushar/Desktop/hackathon/Asset-management-app/assetapp/build.sbt. Using presentation compiler with project's scala-library version: 3.3.8
2026.07.12 09:55:33 INFO  no build target found for /home/tushar/Desktop/hackathon/Asset-management-app/assetapp/build.sbt. Using presentation compiler with project's scala-library version: 3.3.8
2026.07.12 09:55:33 INFO  no build target found for /home/tushar/Desktop/hackathon/Asset-management-app/assetapp/build.sbt. Using presentation compiler with project's scala-library version: 3.3.8
2026.07.12 09:55:33 INFO  no build target found for /home/tushar/Desktop/hackathon/Asset-management-app/assetapp/build.sbt. Using presentation compiler with project's scala-library version: 3.3.8
2026.07.12 09:55:36 INFO  no build target found for /home/tushar/Desktop/hackathon/Asset-management-app/assetapp/build.sbt. Using presentation compiler with project's scala-library version: 3.3.8
2026.07.12 09:56:20 INFO  no build target found for /home/tushar/Desktop/hackathon/Asset-management-app/assetapp/build.sbt. Using presentation compiler with project's scala-library version: 3.3.8
2026.07.12 09:56:44 INFO  no build target found for /home/tushar/Desktop/hackathon/Asset-management-app/assetapp/build.sbt. Using presentation compiler with project's scala-library version: 3.3.8
2026.07.12 09:56:44 INFO  no build target found for /home/tushar/Desktop/hackathon/Asset-management-app/assetapp/build.sbt. Using presentation compiler with project's scala-library version: 3.3.8
2026.07.12 09:56:45 INFO  no build target found for /home/tushar/Desktop/hackathon/Asset-management-app/assetapp/build.sbt. Using presentation compiler with project's scala-library version: 3.3.8
2026.07.12 09:56:45 INFO  no build target found for /home/tushar/Desktop/hackathon/Asset-management-app/assetapp/build.sbt. Using presentation compiler with project's scala-library version: 3.3.8
2026.07.12 09:56:48 INFO  no build target found for /home/tushar/Desktop/hackathon/Asset-management-app/assetapp/build.sbt. Using presentation compiler with project's scala-library version: 3.3.8
2026.07.12 09:56:48 INFO  no build target found for /home/tushar/Desktop/hackathon/Asset-management-app/assetapp/build.sbt. Using presentation compiler with project's scala-library version: 3.3.8
2026.07.12 09:56:50 INFO  no build target found for /home/tushar/Desktop/hackathon/Asset-management-app/assetapp/build.sbt. Using presentation compiler with project's scala-library version: 3.3.8
2026.07.12 09:57:49 INFO  no build target found for /home/tushar/Desktop/hackathon/Asset-management-app/assetapp/build.sbt. Using presentation compiler with project's scala-library version: 3.3.8
2026.07.12 09:57:49 INFO  no build target found for /home/tushar/Desktop/hackathon/Asset-management-app/assetapp/build.sbt. Using presentation compiler with project's scala-library version: 3.3.8
2026.07.12 09:57:49 INFO  no build target found for /home/tushar/Desktop/hackathon/Asset-management-app/assetapp/build.sbt. Using presentation compiler with project's scala-library version: 3.3.8
2026.07.12 09:57:49 INFO  no build target found for /home/tushar/Desktop/hackathon/Asset-management-app/assetapp/build.sbt. Using presentation compiler with project's scala-library version: 3.3.8
2026.07.12 09:57:50 INFO  no build target found for /home/tushar/Desktop/hackathon/Asset-management-app/assetapp/build.sbt. Using presentation compiler with project's scala-library version: 3.3.8
2026.07.12 09:57:50 INFO  no build target found for /home/tushar/Desktop/hackathon/Asset-management-app/assetapp/build.sbt. Using presentation compiler with project's scala-library version: 3.3.8
2026.07.12 09:57:50 INFO  no build target found for /home/tushar/Desktop/hackathon/Asset-management-app/assetapp/build.sbt. Using presentation compiler with project's scala-library version: 3.3.8
2026.07.12 09:57:50 INFO  no build target found for /home/tushar/Desktop/hackathon/Asset-management-app/assetapp/build.sbt. Using presentation compiler with project's scala-library version: 3.3.8
2026.07.12 09:57:50 INFO  no build target found for /home/tushar/Desktop/hackathon/Asset-management-app/assetapp/build.sbt. Using presentation compiler with project's scala-library version: 3.3.8
2026.07.12 09:57:50 INFO  no build target found for /home/tushar/Desktop/hackathon/Asset-management-app/assetapp/build.sbt. Using presentation compiler with project's scala-library version: 3.3.8
2026.07.12 09:57:52 INFO  no build target found for /home/tushar/Desktop/hackathon/Asset-management-app/assetapp/build.sbt. Using presentation compiler with project's scala-library version: 3.3.8
2026.07.12 09:57:52 INFO  no build target found for /home/tushar/Desktop/hackathon/Asset-management-app/assetapp/build.sbt. Using presentation compiler with project's scala-library version: 3.3.8
2026.07.12 09:57:52 INFO  no build target found for /home/tushar/Desktop/hackathon/Asset-management-app/assetapp/build.sbt. Using presentation compiler with project's scala-library version: 3.3.8
2026.07.12 09:57:55 INFO  no build target found for /home/tushar/Desktop/hackathon/Asset-management-app/assetapp/build.sbt. Using presentation compiler with project's scala-library version: 3.3.8
2026.07.12 09:57:55 INFO  no build target found for /home/tushar/Desktop/hackathon/Asset-management-app/assetapp/build.sbt. Using presentation compiler with project's scala-library version: 3.3.8
2026.07.12 09:57:55 INFO  no build target found for /home/tushar/Desktop/hackathon/Asset-management-app/assetapp/build.sbt. Using presentation compiler with project's scala-library version: 3.3.8
2026.07.12 09:57:56 INFO  no build target found for /home/tushar/Desktop/hackathon/Asset-management-app/assetapp/build.sbt. Using presentation compiler with project's scala-library version: 3.3.8
2026.07.12 09:57:56 INFO  no build target found for /home/tushar/Desktop/hackathon/Asset-management-app/assetapp/build.sbt. Using presentation compiler with project's scala-library version: 3.3.8
2026.07.12 09:57:56 INFO  no build target found for /home/tushar/Desktop/hackathon/Asset-management-app/assetapp/build.sbt. Using presentation compiler with project's scala-library version: 3.3.8
2026.07.12 09:57:58 INFO  no build target found for /home/tushar/Desktop/hackathon/Asset-management-app/assetapp/build.sbt. Using presentation compiler with project's scala-library version: 3.3.8
2026.07.12 09:57:58 INFO  no build target found for /home/tushar/Desktop/hackathon/Asset-management-app/assetapp/build.sbt. Using presentation compiler with project's scala-library version: 3.3.8
2026.07.12 09:57:58 INFO  no build target found for /home/tushar/Desktop/hackathon/Asset-management-app/assetapp/build.sbt. Using presentation compiler with project's scala-library version: 3.3.8
2026.07.12 09:57:58 INFO  no build target found for /home/tushar/Desktop/hackathon/Asset-management-app/assetapp/build.sbt. Using presentation compiler with project's scala-library version: 3.3.8
2026.07.12 09:58:00 INFO  no build target found for /home/tushar/Desktop/hackathon/Asset-management-app/assetapp/build.sbt. Using presentation compiler with project's scala-library version: 3.3.8
2026.07.12 09:58:00 INFO  no build target found for /home/tushar/Desktop/hackathon/Asset-management-app/assetapp/build.sbt. Using presentation compiler with project's scala-library version: 3.3.8
2026.07.12 09:58:00 INFO  no build target found for /home/tushar/Desktop/hackathon/Asset-management-app/assetapp/build.sbt. Using presentation compiler with project's scala-library version: 3.3.8
2026.07.12 09:58:00 INFO  no build target found for /home/tushar/Desktop/hackathon/Asset-management-app/assetapp/build.sbt. Using presentation compiler with project's scala-library version: 3.3.8
2026.07.12 09:58:00 INFO  no build target found for /home/tushar/Desktop/hackathon/Asset-management-app/assetapp/build.sbt. Using presentation compiler with project's scala-library version: 3.3.8
2026.07.12 09:58:00 INFO  no build target found for /home/tushar/Desktop/hackathon/Asset-management-app/assetapp/build.sbt. Using presentation compiler with project's scala-library version: 3.3.8
2026.07.12 09:58:02 INFO  no build target found for /home/tushar/Desktop/hackathon/Asset-management-app/assetapp/build.sbt. Using presentation compiler with project's scala-library version: 3.3.8
2026.07.12 09:58:02 INFO  no build target found for /home/tushar/Desktop/hackathon/Asset-management-app/assetapp/build.sbt. Using presentation compiler with project's scala-library version: 3.3.8
2026.07.12 09:58:02 INFO  no build target found for /home/tushar/Desktop/hackathon/Asset-management-app/assetapp/build.sbt. Using presentation compiler with project's scala-library version: 3.3.8
2026.07.12 09:58:02 INFO  no build target found for /home/tushar/Desktop/hackathon/Asset-management-app/assetapp/build.sbt. Using presentation compiler with project's scala-library version: 3.3.8
2026.07.12 09:58:05 INFO  no build target found for /home/tushar/Desktop/hackathon/Asset-management-app/assetapp/build.sbt. Using presentation compiler with project's scala-library version: 3.3.8
2026.07.12 09:58:06 INFO  no build target found for /home/tushar/Desktop/hackathon/Asset-management-app/assetapp/build.sbt. Using presentation compiler with project's scala-library version: 3.3.8
2026.07.12 09:58:05 INFO  no build target found for /home/tushar/Desktop/hackathon/Asset-management-app/assetapp/build.sbt. Using presentation compiler with project's scala-library version: 3.3.8
2026.07.12 09:58:06 INFO  no build target found for /home/tushar/Desktop/hackathon/Asset-management-app/assetapp/build.sbt. Using presentation compiler with project's scala-library version: 3.3.8
2026.07.12 09:58:10 INFO  no build target found for /home/tushar/Desktop/hackathon/Asset-management-app/assetapp/build.sbt. Using presentation compiler with project's scala-library version: 3.3.8
2026.07.12 09:58:10 INFO  no build target found for /home/tushar/Desktop/hackathon/Asset-management-app/assetapp/build.sbt. Using presentation compiler with project's scala-library version: 3.3.8
2026.07.12 09:58:10 INFO  no build target found for /home/tushar/Desktop/hackathon/Asset-management-app/assetapp/build.sbt. Using presentation compiler with project's scala-library version: 3.3.8
2026.07.12 09:58:10 INFO  no build target found for /home/tushar/Desktop/hackathon/Asset-management-app/assetapp/build.sbt. Using presentation compiler with project's scala-library version: 3.3.8
2026.07.12 09:58:10 INFO  no build target found for /home/tushar/Desktop/hackathon/Asset-management-app/assetapp/build.sbt. Using presentation compiler with project's scala-library version: 3.3.8
2026.07.12 09:58:11 INFO  no build target found for /home/tushar/Desktop/hackathon/Asset-management-app/assetapp/build.sbt. Using presentation compiler with project's scala-library version: 3.3.8
2026.07.12 09:58:11 INFO  no build target found for /home/tushar/Desktop/hackathon/Asset-management-app/assetapp/build.sbt. Using presentation compiler with project's scala-library version: 3.3.8
2026.07.12 09:58:11 INFO  no build target found for /home/tushar/Desktop/hackathon/Asset-management-app/assetapp/build.sbt. Using presentation compiler with project's scala-library version: 3.3.8
2026.07.12 09:58:11 INFO  no build target found for /home/tushar/Desktop/hackathon/Asset-management-app/assetapp/build.sbt. Using presentation compiler with project's scala-library version: 3.3.8
2026.07.12 09:58:11 INFO  no build target found for /home/tushar/Desktop/hackathon/Asset-management-app/assetapp/build.sbt. Using presentation compiler with project's scala-library version: 3.3.8
2026.07.12 09:58:11 INFO  no build target found for /home/tushar/Desktop/hackathon/Asset-management-app/assetapp/build.sbt. Using presentation compiler with project's scala-library version: 3.3.8
2026.07.12 09:58:12 INFO  no build target found for /home/tushar/Desktop/hackathon/Asset-management-app/assetapp/build.sbt. Using presentation compiler with project's scala-library version: 3.3.8
2026.07.12 09:58:12 INFO  no build target found for /home/tushar/Desktop/hackathon/Asset-management-app/assetapp/build.sbt. Using presentation compiler with project's scala-library version: 3.3.8
2026.07.12 09:58:12 INFO  no build target found for /home/tushar/Desktop/hackathon/Asset-management-app/assetapp/build.sbt. Using presentation compiler with project's scala-library version: 3.3.8
2026.07.12 09:58:12 INFO  no build target found for /home/tushar/Desktop/hackathon/Asset-management-app/assetapp/build.sbt. Using presentation compiler with project's scala-library version: 3.3.8
2026.07.12 09:58:12 INFO  no build target found for /home/tushar/Desktop/hackathon/Asset-management-app/assetapp/build.sbt. Using presentation compiler with project's scala-library version: 3.3.8
2026.07.12 09:58:13 INFO  no build target found for /home/tushar/Desktop/hackathon/Asset-management-app/assetapp/build.sbt. Using presentation compiler with project's scala-library version: 3.3.8
2026.07.12 09:58:13 INFO  no build target found for /home/tushar/Desktop/hackathon/Asset-management-app/assetapp/build.sbt. Using presentation compiler with project's scala-library version: 3.3.8
2026.07.12 09:58:14 INFO  no build target found for /home/tushar/Desktop/hackathon/Asset-management-app/assetapp/build.sbt. Using presentation compiler with project's scala-library version: 3.3.8
2026.07.12 09:58:14 INFO  no build target found for /home/tushar/Desktop/hackathon/Asset-management-app/assetapp/build.sbt. Using presentation compiler with project's scala-library version: 3.3.8
2026.07.12 09:58:14 INFO  no build target found for /home/tushar/Desktop/hackathon/Asset-management-app/assetapp/build.sbt. Using presentation compiler with project's scala-library version: 3.3.8
2026.07.12 09:58:14 INFO  no build target found for /home/tushar/Desktop/hackathon/Asset-management-app/assetapp/build.sbt. Using presentation compiler with project's scala-library version: 3.3.8
2026.07.12 09:58:14 INFO  no build target found for /home/tushar/Desktop/hackathon/Asset-management-app/assetapp/build.sbt. Using presentation compiler with project's scala-library version: 3.3.8
2026.07.12 09:58:15 INFO  no build target found for /home/tushar/Desktop/hackathon/Asset-management-app/assetapp/build.sbt. Using presentation compiler with project's scala-library version: 3.3.8
2026.07.12 09:58:16 INFO  no build target found for /home/tushar/Desktop/hackathon/Asset-management-app/assetapp/build.sbt. Using presentation compiler with project's scala-library version: 3.3.8
2026.07.12 09:58:15 INFO  no build target found for /home/tushar/Desktop/hackathon/Asset-management-app/assetapp/build.sbt. Using presentation compiler with project's scala-library version: 3.3.8
2026.07.12 09:58:16 INFO  no build target found for /home/tushar/Desktop/hackathon/Asset-management-app/assetapp/build.sbt. Using presentation compiler with project's scala-library version: 3.3.8
2026.07.12 09:58:17 WARN  no build target for: /home/tushar/Desktop/hackathon/Asset-management-app/assetapp/build.sbt
2026.07.12 09:58:17 INFO  no build target found for /home/tushar/Desktop/hackathon/Asset-management-app/assetapp/build.sbt. Using presentation compiler with project's scala-library version: 3.3.8
2026.07.12 09:58:19 INFO  running '/home/tushar/.local/share/coursier/bin/sbt -Dbloop.export-jar-classifiers=sources bloopInstall'
2026.07.12 09:58:21 INFO  [info] welcome to sbt 1.12.13 (Eclipse Adoptium Java 21.0.11)
2026.07.12 09:58:21 INFO  [info] loading settings for project assetapp-build-build-build from metals.sbt...
2026.07.12 09:58:22 INFO  [info] loading project definition from /home/tushar/Desktop/hackathon/Asset-management-app/assetapp/project/project/project
2026.07.12 09:58:22 INFO  [info] loading settings for project assetapp-build-build from metals.sbt...
2026.07.12 09:58:22 INFO  [info] loading project definition from /home/tushar/Desktop/hackathon/Asset-management-app/assetapp/project/project
2026.07.12 09:58:24 INFO  [success] Generated .bloop/assetapp-build-build.json
2026.07.12 09:58:24 INFO  [success] Total time: 1 s, completed 12-Jul-2026, 9:58:24 am
2026.07.12 09:58:24 INFO  [info] loading settings for project assetapp-build from metals.sbt, plugins.sbt...
2026.07.12 09:58:24 INFO  [info] loading project definition from /home/tushar/Desktop/hackathon/Asset-management-app/assetapp/project
2026.07.12 09:58:24 INFO  [success] Generated .bloop/assetapp-build.json
2026.07.12 09:58:25 INFO  [success] Total time: 1 s, completed 12-Jul-2026, 9:58:25 am
2026.07.12 09:58:27 INFO  [info] loading settings for project root from build.sbt...
2026.07.12 09:58:27 INFO  [info]   __              __
2026.07.12 09:58:27 INFO  [info]   \ \     ____   / /____ _ __  __
2026.07.12 09:58:27 INFO  [info]    \ \   / __ \ / // __ `// / / /
2026.07.12 09:58:27 INFO  [info]    / /  / /_/ // // /_/ // /_/ /
2026.07.12 09:58:27 INFO  [info]   /_/  / .___//_/ \__,_/ \__, /
2026.07.12 09:58:27 INFO  [info]       /_/               /____/
2026.07.12 09:58:27 INFO  [info] 
2026.07.12 09:58:27 INFO  [info] Version 3.0.11 running Java 21.0.11
2026.07.12 09:58:27 INFO  [info] 
2026.07.12 09:58:27 INFO  [info] Play is run entirely by the community. Please consider contributing and/or donating:
2026.07.12 09:58:27 INFO  [info] https://www.playframework.com/sponsors
2026.07.12 09:58:27 INFO  [info] 
2026.07.12 09:58:27 INFO  [error] /home/tushar/Desktop/hackathon/Asset-management-app/assetapp/conf/routes:12: Compilation error[Whitespace expected]
2026.07.12 09:58:27 INFO  [error] GET     /api/assets
2026.07.12 09:58:27 INFO  [error]                    ^
2026.07.12 09:58:27 INFO  no build target found for /home/tushar/Desktop/hackathon/Asset-management-app/assetapp/build.sbt. Using presentation compiler with project's scala-library version: 3.3.8
2026.07.12 09:58:27 INFO  [success] Generated .bloop/root-test.json
2026.07.12 09:58:27 INFO  [error] Couldn't run bloopGenerate. The issue could be caused by failing to compile the project.
2026.07.12 09:58:27 INFO  [warn] Removed stale /home/tushar/Desktop/hackathon/Asset-management-app/assetapp/.bloop/root.json
2026.07.12 09:58:27 INFO  [error] (Compile / playRoutes) @8e2ci0lnm: Compilation error[Whitespace expected] in /home/tushar/Desktop/hackathon/Asset-management-app/assetapp/conf/routes:12
2026.07.12 09:58:27 INFO  [error] Total time: 1 s, completed 12-Jul-2026, 9:58:28 am
2026.07.12 09:58:28 INFO  time: ran 'sbt bloopInstall' in 8.48s
2026.07.12 09:58:27 ERROR sbt command failed: /home/tushar/.local/share/coursier/bin/sbt -Dbloop.export-jar-classifiers=sources bloopInstall
2026.07.12 09:58:28 INFO  Disconnecting from Bloop session...
2026.07.12 09:58:27 INFO  Shut down connection with build server.
2026.07.12 09:58:28 INFO  Attempting to connect to the build server...
2026.07.12 09:58:28 INFO  Found a Bloop server running
2026.07.12 09:58:28 INFO  tracing is disabled for protocol BSP, to enable tracing of incoming and outgoing JSON messages create an empty file at /home/tushar/Desktop/hackathon/Asset-management-app/.metals/bsp.trace.json or /home/tushar/.cache/metals/bsp.trace.json
2026.07.12 09:58:28 INFO  time: Connected to build server in 0.12s
2026.07.12 09:58:28 INFO  Connected to Build server: Bloop v2.0.19
2026.07.12 09:58:30 INFO  no build target found for /home/tushar/Desktop/hackathon/Asset-management-app/assetapp/target/scala-3.3.8/routes/main/router/Routes.scala. Using presentation compiler with project's scala-library version: 3.3.8
2026.07.12 09:58:30 INFO  time: indexed workspace in 2.28s
2026.07.12 09:58:30 WARN  no build target for: /home/tushar/Desktop/hackathon/Asset-management-app/assetapp/build.sbt
2026.07.12 09:58:30 INFO  no build target found for /home/tushar/Desktop/hackathon/Asset-management-app/assetapp/build.sbt. Using presentation compiler with project's scala-library version: 3.3.8
2026.07.12 09:58:31 INFO  no build target found for /home/tushar/Desktop/hackathon/Asset-management-app/assetapp/build.sbt. Using presentation compiler with project's scala-library version: 3.3.8
2026.07.12 09:58:40 INFO  no build target found for /home/tushar/Desktop/hackathon/Asset-management-app/assetapp/build.sbt. Using presentation compiler with project's scala-library version: 3.3.8
2026.07.12 09:58:40 WARN  no build target for: /home/tushar/Desktop/hackathon/Asset-management-app/assetapp/build.sbt
2026.07.12 09:58:40 INFO  no build target found for /home/tushar/Desktop/hackathon/Asset-management-app/assetapp/build.sbt. Using presentation compiler with project's scala-library version: 3.3.8
2026.07.12 09:58:40 INFO  no build target found for /home/tushar/Desktop/hackathon/Asset-management-app/assetapp/build.sbt. Using presentation compiler with project's scala-library version: 3.3.8
2026.07.12 09:58:40 INFO  no build target found for /home/tushar/Desktop/hackathon/Asset-management-app/assetapp/build.sbt. Using presentation compiler with project's scala-library version: 3.3.8
2026.07.12 09:58:50 INFO  no build target found for /home/tushar/Desktop/hackathon/Asset-management-app/assetapp/build.sbt. Using presentation compiler with project's scala-library version: 3.3.8
2026.07.12 09:58:50 INFO  no build target found for /home/tushar/Desktop/hackathon/Asset-management-app/assetapp/build.sbt. Using presentation compiler with project's scala-library version: 3.3.8
2026.07.12 10:00:11 INFO  no build target found for /home/tushar/Desktop/hackathon/Asset-management-app/assetapp/build.sbt. Using presentation compiler with project's scala-library version: 3.3.8
2026.07.12 10:00:11 WARN  no build target for: /home/tushar/Desktop/hackathon/Asset-management-app/assetapp/build.sbt
2026.07.12 10:00:11 INFO  no build target found for /home/tushar/Desktop/hackathon/Asset-management-app/assetapp/build.sbt. Using presentation compiler with project's scala-library version: 3.3.8
2026.07.12 10:00:11 INFO  no build target found for /home/tushar/Desktop/hackathon/Asset-management-app/assetapp/build.sbt. Using presentation compiler with project's scala-library version: 3.3.8
2026.07.12 10:00:11 INFO  no build target found for /home/tushar/Desktop/hackathon/Asset-management-app/assetapp/build.sbt. Using presentation compiler with project's scala-library version: 3.3.8
2026.07.12 10:01:13 INFO  no build target found for /home/tushar/Desktop/hackathon/Asset-management-app/assetapp/build.sbt. Using presentation compiler with project's scala-library version: 3.3.8
2026.07.12 10:01:13 INFO  no build target found for /home/tushar/Desktop/hackathon/Asset-management-app/assetapp/build.sbt. Using presentation compiler with project's scala-library version: 3.3.8
2026.07.12 10:01:13 INFO  no build target found for /home/tushar/Desktop/hackathon/Asset-management-app/assetapp/build.sbt. Using presentation compiler with project's scala-library version: 3.3.8
2026.07.12 10:01:14 INFO  no build target found for /home/tushar/Desktop/hackathon/Asset-management-app/assetapp/build.sbt. Using presentation compiler with project's scala-library version: 3.3.8
2026.07.12 10:01:14 INFO  no build target found for /home/tushar/Desktop/hackathon/Asset-management-app/assetapp/build.sbt. Using presentation compiler with project's scala-library version: 3.3.8
2026.07.12 10:01:15 INFO  no build target found for /home/tushar/Desktop/hackathon/Asset-management-app/assetapp/build.sbt. Using presentation compiler with project's scala-library version: 3.3.8
2026.07.12 10:01:18 INFO  no build target found for /home/tushar/Desktop/hackathon/Asset-management-app/assetapp/build.sbt. Using presentation compiler with project's scala-library version: 3.3.8
2026.07.12 10:01:26 INFO  no build target found for /home/tushar/Desktop/hackathon/Asset-management-app/assetapp/build.sbt. Using presentation compiler with project's scala-library version: 3.3.8
2026.07.12 10:01:26 INFO  no build target found for /home/tushar/Desktop/hackathon/Asset-management-app/assetapp/build.sbt. Using presentation compiler with project's scala-library version: 3.3.8
2026.07.12 10:01:29 INFO  no build target found for /home/tushar/Desktop/hackathon/Asset-management-app/assetapp/build.sbt. Using presentation compiler with project's scala-library version: 3.3.8
2026.07.12 10:01:31 INFO  no build target found for /home/tushar/Desktop/hackathon/Asset-management-app/assetapp/build.sbt. Using presentation compiler with project's scala-library version: 3.3.8
2026.07.12 10:01:31 INFO  no build target found for /home/tushar/Desktop/hackathon/Asset-management-app/assetapp/build.sbt. Using presentation compiler with project's scala-library version: 3.3.8
2026.07.12 10:01:31 INFO  no build target found for /home/tushar/Desktop/hackathon/Asset-management-app/assetapp/build.sbt. Using presentation compiler with project's scala-library version: 3.3.8
2026.07.12 10:01:33 INFO  no build target found for /home/tushar/Desktop/hackathon/Asset-management-app/assetapp/build.sbt. Using presentation compiler with project's scala-library version: 3.3.8
2026.07.12 10:01:35 INFO  no build target found for /home/tushar/Desktop/hackathon/Asset-management-app/assetapp/build.sbt. Using presentation compiler with project's scala-library version: 3.3.8
2026.07.12 10:01:35 INFO  no build target found for /home/tushar/Desktop/hackathon/Asset-management-app/assetapp/build.sbt. Using presentation compiler with project's scala-library version: 3.3.8
2026.07.12 10:01:36 INFO  no build target found for /home/tushar/Desktop/hackathon/Asset-management-app/assetapp/build.sbt. Using presentation compiler with project's scala-library version: 3.3.8
2026.07.12 10:01:36 INFO  no build target found for /home/tushar/Desktop/hackathon/Asset-management-app/assetapp/build.sbt. Using presentation compiler with project's scala-library version: 3.3.8
2026.07.12 10:01:37 INFO  no build target found for /home/tushar/Desktop/hackathon/Asset-management-app/assetapp/build.sbt. Using presentation compiler with project's scala-library version: 3.3.8
2026.07.12 10:01:37 INFO  no build target found for /home/tushar/Desktop/hackathon/Asset-management-app/assetapp/build.sbt. Using presentation compiler with project's scala-library version: 3.3.8
2026.07.12 10:01:37 INFO  no build target found for /home/tushar/Desktop/hackathon/Asset-management-app/assetapp/build.sbt. Using presentation compiler with project's scala-library version: 3.3.8
2026.07.12 10:01:37 INFO  no build target found for /home/tushar/Desktop/hackathon/Asset-management-app/assetapp/build.sbt. Using presentation compiler with project's scala-library version: 3.3.8
2026.07.12 10:01:40 INFO  no build target found for /home/tushar/Desktop/hackathon/Asset-management-app/assetapp/build.sbt. Using presentation compiler with project's scala-library version: 3.3.8
2026.07.12 10:01:40 INFO  no build target found for /home/tushar/Desktop/hackathon/Asset-management-app/assetapp/build.sbt. Using presentation compiler with project's scala-library version: 3.3.8
2026.07.12 10:01:40 INFO  no build target found for /home/tushar/Desktop/hackathon/Asset-management-app/assetapp/build.sbt. Using presentation compiler with project's scala-library version: 3.3.8
2026.07.12 10:01:40 INFO  no build target found for /home/tushar/Desktop/hackathon/Asset-management-app/assetapp/build.sbt. Using presentation compiler with project's scala-library version: 3.3.8
2026.07.12 10:01:40 INFO  no build target found for /home/tushar/Desktop/hackathon/Asset-management-app/assetapp/build.sbt. Using presentation compiler with project's scala-library version: 3.3.8
2026.07.12 10:01:40 INFO  no build target found for /home/tushar/Desktop/hackathon/Asset-management-app/assetapp/build.sbt. Using presentation compiler with project's scala-library version: 3.3.8
2026.07.12 10:01:42 WARN  no build target for: /home/tushar/Desktop/hackathon/Asset-management-app/assetapp/build.sbt
2026.07.12 10:01:42 INFO  no build target found for /home/tushar/Desktop/hackathon/Asset-management-app/assetapp/build.sbt. Using presentation compiler with project's scala-library version: 3.3.8
2026.07.12 10:01:44 INFO  running '/home/tushar/.local/share/coursier/bin/sbt -Dbloop.export-jar-classifiers=sources bloopInstall'
2026.07.12 10:01:44 INFO  no build target found for /home/tushar/Desktop/hackathon/Asset-management-app/assetapp/build.sbt. Using presentation compiler with project's scala-library version: 3.3.8
2026.07.12 10:01:45 INFO  [info] welcome to sbt 1.12.13 (Eclipse Adoptium Java 21.0.11)
2026.07.12 10:01:45 INFO  [info] loading settings for project assetapp-build-build-build from metals.sbt...
2026.07.12 10:01:46 INFO  [info] loading project definition from /home/tushar/Desktop/hackathon/Asset-management-app/assetapp/project/project/project
2026.07.12 10:01:46 INFO  [info] loading settings for project assetapp-build-build from metals.sbt...
2026.07.12 10:01:46 INFO  [info] loading project definition from /home/tushar/Desktop/hackathon/Asset-management-app/assetapp/project/project
2026.07.12 10:01:49 INFO  [success] Generated .bloop/assetapp-build-build.json
2026.07.12 10:01:49 INFO  [success] Total time: 2 s, completed 12-Jul-2026, 10:01:49 am
2026.07.12 10:01:49 INFO  [info] loading settings for project assetapp-build from metals.sbt, plugins.sbt...
2026.07.12 10:01:49 INFO  [info] loading project definition from /home/tushar/Desktop/hackathon/Asset-management-app/assetapp/project
2026.07.12 10:01:50 INFO  [success] Generated .bloop/assetapp-build.json
2026.07.12 10:01:50 INFO  [success] Total time: 1 s, completed 12-Jul-2026, 10:01:50 am
2026.07.12 10:01:52 INFO  [info] loading settings for project root from build.sbt...
2026.07.12 10:01:52 INFO  [info]   __              __
2026.07.12 10:01:52 INFO  [info]   \ \     ____   / /____ _ __  __
2026.07.12 10:01:52 INFO  [info]    \ \   / __ \ / // __ `// / / /
2026.07.12 10:01:52 INFO  [info]    / /  / /_/ // // /_/ // /_/ /
2026.07.12 10:01:52 INFO  [info]   /_/  / .___//_/ \__,_/ \__, /
2026.07.12 10:01:52 INFO  [info]       /_/               /____/
2026.07.12 10:01:52 INFO  [info] 
2026.07.12 10:01:52 INFO  [info] Version 3.0.11 running Java 21.0.11
2026.07.12 10:01:52 INFO  [info] 
2026.07.12 10:01:52 INFO  [info] Play is run entirely by the community. Please consider contributing and/or donating:
2026.07.12 10:01:52 INFO  [info] https://www.playframework.com/sponsors
2026.07.12 10:01:52 INFO  [info] 
2026.07.12 10:01:52 INFO  [error] /home/tushar/Desktop/hackathon/Asset-management-app/assetapp/conf/routes:12: Compilation error[Whitespace expected]
2026.07.12 10:01:52 INFO  [error] GET     /api/assets
2026.07.12 10:01:52 INFO  [error]                    ^
2026.07.12 10:01:55 INFO  [success] Generated .bloop/root-test.json
2026.07.12 10:01:55 INFO  [error] Couldn't run bloopGenerate. The issue could be caused by failing to compile the project.
2026.07.12 10:01:55 INFO  [error] (Compile / playRoutes) @8e2cice9n: Compilation error[Whitespace expected] in /home/tushar/Desktop/hackathon/Asset-management-app/assetapp/conf/routes:12
2026.07.12 10:01:55 INFO  [error] Total time: 2 s, completed 12-Jul-2026, 10:01:55 am
2026.07.12 10:01:56 INFO  time: ran 'sbt bloopInstall' in 11s
2026.07.12 10:01:56 ERROR sbt command failed: /home/tushar/.local/share/coursier/bin/sbt -Dbloop.export-jar-classifiers=sources bloopInstall
2026.07.12 10:01:56 INFO  Disconnecting from Bloop session...
2026.07.12 10:01:56 INFO  Shut down connection with build server.
2026.07.12 10:01:56 INFO  Attempting to connect to the build server...
2026.07.12 10:01:56 INFO  Found a Bloop server running
2026.07.12 10:01:56 INFO  tracing is disabled for protocol BSP, to enable tracing of incoming and outgoing JSON messages create an empty file at /home/tushar/Desktop/hackathon/Asset-management-app/.metals/bsp.trace.json or /home/tushar/.cache/metals/bsp.trace.json
2026.07.12 10:01:56 INFO  time: Connected to build server in 0.11s
2026.07.12 10:01:56 INFO  Connected to Build server: Bloop v2.0.19
2026.07.12 10:01:58 INFO  time: indexed workspace in 2.52s
2026.07.12 10:01:58 WARN  no build target for: /home/tushar/Desktop/hackathon/Asset-management-app/assetapp/build.sbt
2026.07.12 10:01:58 INFO  no build target found for /home/tushar/Desktop/hackathon/Asset-management-app/assetapp/build.sbt. Using presentation compiler with project's scala-library version: 3.3.8
2026.07.12 10:01:59 INFO  no build target found for /home/tushar/Desktop/hackathon/Asset-management-app/assetapp/build.sbt. Using presentation compiler with project's scala-library version: 3.3.8
2026.07.12 10:06:17 INFO  no build target found for /home/tushar/Desktop/hackathon/Asset-management-app/assetapp/app/controllers/AssetController.scala. Using presentation compiler with project's scala-library version: 3.3.8
2026.07.12 10:06:17 INFO  no build target found for /home/tushar/Desktop/hackathon/Asset-management-app/assetapp/app/controllers/AssetController.scala. Using presentation compiler with project's scala-library version: 3.3.8
2026.07.12 10:06:17 WARN  no build target for: /home/tushar/Desktop/hackathon/Asset-management-app/assetapp/app/controllers/AssetController.scala
2026.07.12 10:06:17 WARN  no build target for: /home/tushar/Desktop/hackathon/Asset-management-app/assetapp/app/controllers/AssetController.scala
2026.07.12 10:06:17 INFO  no build target found for /home/tushar/Desktop/hackathon/Asset-management-app/assetapp/app/controllers/AssetController.scala. Using presentation compiler with project's scala-library version: 3.3.8
2026.07.12 10:06:17 INFO  no build target found for /home/tushar/Desktop/hackathon/Asset-management-app/assetapp/app/controllers/AssetController.scala. Using presentation compiler with project's scala-library version: 3.3.8
2026.07.12 10:06:20 INFO  no build target found for /home/tushar/Desktop/hackathon/Asset-management-app/assetapp/app/controllers/AssetController.scala. Using presentation compiler with project's scala-library version: 3.3.8
2026.07.12 10:06:20 INFO  no build target found for /home/tushar/Desktop/hackathon/Asset-management-app/assetapp/app/controllers/AssetController.scala. Using presentation compiler with project's scala-library version: 3.3.8
2026.07.12 10:06:20 INFO  no build target found for /home/tushar/Desktop/hackathon/Asset-management-app/assetapp/app/controllers/AssetController.scala. Using presentation compiler with project's scala-library version: 3.3.8
2026.07.12 10:06:20 INFO  no build target found for /home/tushar/Desktop/hackathon/Asset-management-app/assetapp/app/controllers/AssetController.scala. Using presentation compiler with project's scala-library version: 3.3.8
2026.07.12 10:06:20 INFO  no build target found for /home/tushar/Desktop/hackathon/Asset-management-app/assetapp/app/controllers/AssetController.scala. Using presentation compiler with project's scala-library version: 3.3.8
2026.07.12 10:06:21 INFO  no build target found for /home/tushar/Desktop/hackathon/Asset-management-app/assetapp/app/controllers/AssetController.scala. Using presentation compiler with project's scala-library version: 3.3.8
2026.07.12 10:06:21 INFO  no build target found for /home/tushar/Desktop/hackathon/Asset-management-app/assetapp/app/controllers/AssetController.scala. Using presentation compiler with project's scala-library version: 3.3.8
2026.07.12 10:06:21 INFO  no build target found for /home/tushar/Desktop/hackathon/Asset-management-app/assetapp/app/controllers/AssetController.scala. Using presentation compiler with project's scala-library version: 3.3.8
2026.07.12 10:06:21 INFO  no build target found for /home/tushar/Desktop/hackathon/Asset-management-app/assetapp/app/controllers/AssetController.scala. Using presentation compiler with project's scala-library version: 3.3.8
2026.07.12 10:06:22 INFO  no build target found for /home/tushar/Desktop/hackathon/Asset-management-app/assetapp/app/controllers/AssetController.scala. Using presentation compiler with project's scala-library version: 3.3.8
2026.07.12 10:06:21 INFO  no build target found for /home/tushar/Desktop/hackathon/Asset-management-app/assetapp/app/controllers/AssetController.scala. Using presentation compiler with project's scala-library version: 3.3.8
2026.07.12 10:06:22 INFO  no build target found for /home/tushar/Desktop/hackathon/Asset-management-app/assetapp/app/controllers/AssetController.scala. Using presentation compiler with project's scala-library version: 3.3.8
2026.07.12 10:06:22 INFO  no build target found for /home/tushar/Desktop/hackathon/Asset-management-app/assetapp/app/controllers/AssetController.scala. Using presentation compiler with project's scala-library version: 3.3.8
2026.07.12 10:06:23 INFO  no build target found for /home/tushar/Desktop/hackathon/Asset-management-app/assetapp/app/controllers/AssetController.scala. Using presentation compiler with project's scala-library version: 3.3.8
2026.07.12 10:06:23 INFO  no build target found for /home/tushar/Desktop/hackathon/Asset-management-app/assetapp/app/controllers/AssetController.scala. Using presentation compiler with project's scala-library version: 3.3.8
2026.07.12 10:06:23 INFO  no build target found for /home/tushar/Desktop/hackathon/Asset-management-app/assetapp/app/controllers/AssetController.scala. Using presentation compiler with project's scala-library version: 3.3.8
2026.07.12 10:06:23 INFO  no build target found for /home/tushar/Desktop/hackathon/Asset-management-app/assetapp/app/controllers/AssetController.scala. Using presentation compiler with project's scala-library version: 3.3.8
2026.07.12 10:06:23 INFO  no build target found for /home/tushar/Desktop/hackathon/Asset-management-app/assetapp/app/controllers/AssetController.scala. Using presentation compiler with project's scala-library version: 3.3.8
2026.07.12 10:06:23 INFO  no build target found for /home/tushar/Desktop/hackathon/Asset-management-app/assetapp/app/controllers/AssetController.scala. Using presentation compiler with project's scala-library version: 3.3.8
2026.07.12 10:06:23 INFO  no build target found for /home/tushar/Desktop/hackathon/Asset-management-app/assetapp/app/controllers/AssetController.scala. Using presentation compiler with project's scala-library version: 3.3.8
2026.07.12 10:06:23 INFO  no build target found for /home/tushar/Desktop/hackathon/Asset-management-app/assetapp/app/controllers/AssetController.scala. Using presentation compiler with project's scala-library version: 3.3.8
2026.07.12 10:06:23 INFO  no build target found for /home/tushar/Desktop/hackathon/Asset-management-app/assetapp/app/controllers/AssetController.scala. Using presentation compiler with project's scala-library version: 3.3.8
2026.07.12 10:06:24 INFO  no build target found for /home/tushar/Desktop/hackathon/Asset-management-app/assetapp/app/controllers/AssetController.scala. Using presentation compiler with project's scala-library version: 3.3.8
2026.07.12 10:06:24 INFO  no build target found for /home/tushar/Desktop/hackathon/Asset-management-app/assetapp/app/controllers/AssetController.scala. Using presentation compiler with project's scala-library version: 3.3.8
2026.07.12 10:06:24 WARN  Could not find semantic tokens for: file:///home/tushar/Desktop/hackathon/Asset-management-app/assetapp/app/controllers/AssetController.scala
2026.07.12 10:06:24 INFO  no build target found for /home/tushar/Desktop/hackathon/Asset-management-app/assetapp/app/controllers/AssetController.scala. Using presentation compiler with project's scala-library version: 3.3.8
2026.07.12 10:06:24 INFO  no build target found for /home/tushar/Desktop/hackathon/Asset-management-app/assetapp/app/controllers/AssetController.scala. Using presentation compiler with project's scala-library version: 3.3.8
2026.07.12 10:06:24 INFO  no build target found for /home/tushar/Desktop/hackathon/Asset-management-app/assetapp/app/controllers/AssetController.scala. Using presentation compiler with project's scala-library version: 3.3.8
2026.07.12 10:06:24 INFO  no build target found for /home/tushar/Desktop/hackathon/Asset-management-app/assetapp/app/controllers/AssetController.scala. Using presentation compiler with project's scala-library version: 3.3.8
2026.07.12 10:06:25 INFO  no build target found for /home/tushar/Desktop/hackathon/Asset-management-app/assetapp/app/controllers/AssetController.scala. Using presentation compiler with project's scala-library version: 3.3.8
2026.07.12 10:06:25 INFO  no build target found for /home/tushar/Desktop/hackathon/Asset-management-app/assetapp/app/controllers/AssetController.scala. Using presentation compiler with project's scala-library version: 3.3.8
2026.07.12 10:06:26 INFO  no build target found for /home/tushar/Desktop/hackathon/Asset-management-app/assetapp/app/controllers/AssetController.scala. Using presentation compiler with project's scala-library version: 3.3.8
2026.07.12 10:06:25 INFO  no build target found for /home/tushar/Desktop/hackathon/Asset-management-app/assetapp/app/controllers/AssetController.scala. Using presentation compiler with project's scala-library version: 3.3.8
2026.07.12 10:06:25 INFO  no build target found for /home/tushar/Desktop/hackathon/Asset-management-app/assetapp/app/controllers/AssetController.scala. Using presentation compiler with project's scala-library version: 3.3.8
2026.07.12 10:06:26 INFO  no build target found for /home/tushar/Desktop/hackathon/Asset-management-app/assetapp/app/controllers/AssetController.scala. Using presentation compiler with project's scala-library version: 3.3.8
2026.07.12 10:06:26 INFO  no build target found for /home/tushar/Desktop/hackathon/Asset-management-app/assetapp/app/controllers/AssetController.scala. Using presentation compiler with project's scala-library version: 3.3.8
2026.07.12 10:06:27 INFO  no build target found for /home/tushar/Desktop/hackathon/Asset-management-app/assetapp/app/controllers/AssetController.scala. Using presentation compiler with project's scala-library version: 3.3.8
2026.07.12 10:06:27 INFO  no build target found for /home/tushar/Desktop/hackathon/Asset-management-app/assetapp/app/controllers/AssetController.scala. Using presentation compiler with project's scala-library version: 3.3.8
2026.07.12 10:06:26 INFO  no build target found for /home/tushar/Desktop/hackathon/Asset-management-app/assetapp/app/controllers/AssetController.scala. Using presentation compiler with project's scala-library version: 3.3.8
2026.07.12 10:06:26 INFO  no build target found for /home/tushar/Desktop/hackathon/Asset-management-app/assetapp/app/controllers/AssetController.scala. Using presentation compiler with project's scala-library version: 3.3.8
2026.07.12 10:06:27 INFO  no build target found for /home/tushar/Desktop/hackathon/Asset-management-app/assetapp/app/controllers/AssetController.scala. Using presentation compiler with project's scala-library version: 3.3.8
2026.07.12 10:06:27 INFO  no build target found for /home/tushar/Desktop/hackathon/Asset-management-app/assetapp/app/controllers/AssetController.scala. Using presentation compiler with project's scala-library version: 3.3.8
2026.07.12 10:06:26 INFO  no build target found for /home/tushar/Desktop/hackathon/Asset-management-app/assetapp/app/controllers/AssetController.scala. Using presentation compiler with project's scala-library version: 3.3.8
2026.07.12 10:06:27 INFO  no build target found for /home/tushar/Desktop/hackathon/Asset-management-app/assetapp/app/controllers/AssetController.scala. Using presentation compiler with project's scala-library version: 3.3.8
2026.07.12 10:06:28 INFO  no build target found for /home/tushar/Desktop/hackathon/Asset-management-app/assetapp/app/controllers/AssetController.scala. Using presentation compiler with project's scala-library version: 3.3.8
2026.07.12 10:06:27 INFO  no build target found for /home/tushar/Desktop/hackathon/Asset-management-app/assetapp/app/controllers/AssetController.scala. Using presentation compiler with project's scala-library version: 3.3.8
2026.07.12 10:06:27 INFO  no build target found for /home/tushar/Desktop/hackathon/Asset-management-app/assetapp/app/controllers/AssetController.scala. Using presentation compiler with project's scala-library version: 3.3.8
2026.07.12 10:06:28 INFO  no build target found for /home/tushar/Desktop/hackathon/Asset-management-app/assetapp/app/controllers/AssetController.scala. Using presentation compiler with project's scala-library version: 3.3.8
2026.07.12 10:06:27 INFO  no build target found for /home/tushar/Desktop/hackathon/Asset-management-app/assetapp/app/controllers/AssetController.scala. Using presentation compiler with project's scala-library version: 3.3.8
2026.07.12 10:06:28 INFO  no build target found for /home/tushar/Desktop/hackathon/Asset-management-app/assetapp/app/controllers/AssetController.scala. Using presentation compiler with project's scala-library version: 3.3.8
2026.07.12 10:06:29 INFO  no build target found for /home/tushar/Desktop/hackathon/Asset-management-app/assetapp/app/controllers/AssetController.scala. Using presentation compiler with project's scala-library version: 3.3.8
2026.07.12 10:06:29 INFO  no build target found for /home/tushar/Desktop/hackathon/Asset-management-app/assetapp/app/controllers/AssetController.scala. Using presentation compiler with project's scala-library version: 3.3.8
2026.07.12 10:06:29 INFO  no build target found for /home/tushar/Desktop/hackathon/Asset-management-app/assetapp/app/controllers/AssetController.scala. Using presentation compiler with project's scala-library version: 3.3.8
2026.07.12 10:06:29 INFO  no build target found for /home/tushar/Desktop/hackathon/Asset-management-app/assetapp/app/controllers/AssetController.scala. Using presentation compiler with project's scala-library version: 3.3.8
2026.07.12 10:06:30 INFO  no build target found for /home/tushar/Desktop/hackathon/Asset-management-app/assetapp/app/controllers/AssetController.scala. Using presentation compiler with project's scala-library version: 3.3.8
2026.07.12 10:06:29 INFO  no build target found for /home/tushar/Desktop/hackathon/Asset-management-app/assetapp/app/controllers/AssetController.scala. Using presentation compiler with project's scala-library version: 3.3.8
2026.07.12 10:06:31 INFO  no build target found for /home/tushar/Desktop/hackathon/Asset-management-app/assetapp/app/controllers/AssetController.scala. Using presentation compiler with project's scala-library version: 3.3.8
2026.07.12 10:06:31 INFO  no build target found for /home/tushar/Desktop/hackathon/Asset-management-app/assetapp/app/controllers/AssetController.scala. Using presentation compiler with project's scala-library version: 3.3.8
2026.07.12 10:06:32 INFO  no build target found for /home/tushar/Desktop/hackathon/Asset-management-app/assetapp/app/controllers/AssetController.scala. Using presentation compiler with project's scala-library version: 3.3.8
2026.07.12 10:06:32 INFO  no build target found for /home/tushar/Desktop/hackathon/Asset-management-app/assetapp/app/controllers/AssetController.scala. Using presentation compiler with project's scala-library version: 3.3.8
2026.07.12 10:06:32 INFO  no build target found for /home/tushar/Desktop/hackathon/Asset-management-app/assetapp/app/controllers/AssetController.scala. Using presentation compiler with project's scala-library version: 3.3.8
2026.07.12 10:06:32 INFO  no build target found for /home/tushar/Desktop/hackathon/Asset-management-app/assetapp/app/controllers/AssetController.scala. Using presentation compiler with project's scala-library version: 3.3.8
2026.07.12 10:06:32 INFO  no build target found for /home/tushar/Desktop/hackathon/Asset-management-app/assetapp/app/controllers/AssetController.scala. Using presentation compiler with project's scala-library version: 3.3.8
2026.07.12 10:06:33 INFO  no build target found for /home/tushar/Desktop/hackathon/Asset-management-app/assetapp/app/controllers/AssetController.scala. Using presentation compiler with project's scala-library version: 3.3.8
2026.07.12 10:06:33 INFO  no build target found for /home/tushar/Desktop/hackathon/Asset-management-app/assetapp/app/controllers/AssetController.scala. Using presentation compiler with project's scala-library version: 3.3.8
2026.07.12 10:06:33 INFO  no build target found for /home/tushar/Desktop/hackathon/Asset-management-app/assetapp/app/controllers/AssetController.scala. Using presentation compiler with project's scala-library version: 3.3.8
2026.07.12 10:06:33 INFO  no build target found for /home/tushar/Desktop/hackathon/Asset-management-app/assetapp/app/controllers/AssetController.scala. Using presentation compiler with project's scala-library version: 3.3.8
2026.07.12 10:06:37 INFO  no build target found for /home/tushar/Desktop/hackathon/Asset-management-app/assetapp/app/controllers/AssetController.scala. Using presentation compiler with project's scala-library version: 3.3.8
2026.07.12 10:06:37 INFO  no build target found for /home/tushar/Desktop/hackathon/Asset-management-app/assetapp/app/controllers/AssetController.scala. Using presentation compiler with project's scala-library version: 3.3.8
2026.07.12 10:06:48 INFO  no build target found for /home/tushar/Desktop/hackathon/Asset-management-app/assetapp/app/controllers/AssetController.scala. Using presentation compiler with project's scala-library version: 3.3.8
2026.07.12 10:06:48 INFO  no build target found for /home/tushar/Desktop/hackathon/Asset-management-app/assetapp/app/controllers/AssetController.scala. Using presentation compiler with project's scala-library version: 3.3.8
2026.07.12 10:06:48 INFO  no build target found for /home/tushar/Desktop/hackathon/Asset-management-app/assetapp/app/controllers/AssetController.scala. Using presentation compiler with project's scala-library version: 3.3.8
2026.07.12 10:06:48 INFO  no build target found for /home/tushar/Desktop/hackathon/Asset-management-app/assetapp/app/controllers/AssetController.scala. Using presentation compiler with project's scala-library version: 3.3.8
2026.07.12 10:06:50 INFO  no build target found for /home/tushar/Desktop/hackathon/Asset-management-app/assetapp/app/controllers/AssetController.scala. Using presentation compiler with project's scala-library version: 3.3.8
2026.07.12 10:06:50 INFO  no build target found for /home/tushar/Desktop/hackathon/Asset-management-app/assetapp/app/controllers/AssetController.scala. Using presentation compiler with project's scala-library version: 3.3.8
2026.07.12 10:06:50 INFO  no build target found for /home/tushar/Desktop/hackathon/Asset-management-app/assetapp/app/controllers/AssetController.scala. Using presentation compiler with project's scala-library version: 3.3.8
2026.07.12 10:06:50 INFO  no build target found for /home/tushar/Desktop/hackathon/Asset-management-app/assetapp/app/controllers/AssetController.scala. Using presentation compiler with project's scala-library version: 3.3.8
2026.07.12 10:06:50 INFO  no build target found for /home/tushar/Desktop/hackathon/Asset-management-app/assetapp/app/controllers/AssetController.scala. Using presentation compiler with project's scala-library version: 3.3.8
2026.07.12 10:06:50 INFO  no build target found for /home/tushar/Desktop/hackathon/Asset-management-app/assetapp/app/controllers/AssetController.scala. Using presentation compiler with project's scala-library version: 3.3.8
2026.07.12 10:06:52 INFO  no build target found for /home/tushar/Desktop/hackathon/Asset-management-app/assetapp/app/controllers/AssetController.scala. Using presentation compiler with project's scala-library version: 3.3.8
2026.07.12 10:06:53 INFO  no build target found for /home/tushar/Desktop/hackathon/Asset-management-app/assetapp/app/controllers/AssetController.scala. Using presentation compiler with project's scala-library version: 3.3.8
2026.07.12 10:06:52 INFO  no build target found for /home/tushar/Desktop/hackathon/Asset-management-app/assetapp/app/controllers/AssetController.scala. Using presentation compiler with project's scala-library version: 3.3.8
2026.07.12 10:06:53 INFO  no build target found for /home/tushar/Desktop/hackathon/Asset-management-app/assetapp/app/controllers/AssetController.scala. Using presentation compiler with project's scala-library version: 3.3.8
2026.07.12 10:07:17 INFO  no build target found for /home/tushar/Desktop/hackathon/Asset-management-app/assetapp/app/controllers/AssetController.scala. Using presentation compiler with project's scala-library version: 3.3.8
2026.07.12 10:07:17 INFO  no build target found for /home/tushar/Desktop/hackathon/Asset-management-app/assetapp/app/controllers/AssetController.scala. Using presentation compiler with project's scala-library version: 3.3.8
2026.07.12 10:07:17 INFO  no build target found for /home/tushar/Desktop/hackathon/Asset-management-app/assetapp/app/controllers/AssetController.scala. Using presentation compiler with project's scala-library version: 3.3.8
2026.07.12 10:07:17 INFO  no build target found for /home/tushar/Desktop/hackathon/Asset-management-app/assetapp/app/controllers/AssetController.scala. Using presentation compiler with project's scala-library version: 3.3.8
2026.07.12 10:07:18 INFO  no build target found for /home/tushar/Desktop/hackathon/Asset-management-app/assetapp/app/controllers/AssetController.scala. Using presentation compiler with project's scala-library version: 3.3.8
2026.07.12 10:07:18 INFO  no build target found for /home/tushar/Desktop/hackathon/Asset-management-app/assetapp/app/controllers/AssetController.scala. Using presentation compiler with project's scala-library version: 3.3.8
2026.07.12 10:07:19 INFO  no build target found for /home/tushar/Desktop/hackathon/Asset-management-app/assetapp/app/controllers/AssetController.scala. Using presentation compiler with project's scala-library version: 3.3.8
2026.07.12 10:07:18 INFO  no build target found for /home/tushar/Desktop/hackathon/Asset-management-app/assetapp/app/controllers/AssetController.scala. Using presentation compiler with project's scala-library version: 3.3.8
2026.07.12 10:07:21 INFO  no build target found for /home/tushar/Desktop/hackathon/Asset-management-app/assetapp/app/controllers/AssetController.scala. Using presentation compiler with project's scala-library version: 3.3.8
2026.07.12 10:07:21 INFO  no build target found for /home/tushar/Desktop/hackathon/Asset-management-app/assetapp/app/controllers/AssetController.scala. Using presentation compiler with project's scala-library version: 3.3.8
2026.07.12 10:07:21 INFO  no build target found for /home/tushar/Desktop/hackathon/Asset-management-app/assetapp/app/controllers/AssetController.scala. Using presentation compiler with project's scala-library version: 3.3.8
2026.07.12 10:07:21 INFO  no build target found for /home/tushar/Desktop/hackathon/Asset-management-app/assetapp/app/controllers/AssetController.scala. Using presentation compiler with project's scala-library version: 3.3.8
2026.07.12 10:07:21 INFO  no build target found for /home/tushar/Desktop/hackathon/Asset-management-app/assetapp/app/controllers/AssetController.scala. Using presentation compiler with project's scala-library version: 3.3.8
2026.07.12 10:07:21 INFO  no build target found for /home/tushar/Desktop/hackathon/Asset-management-app/assetapp/app/controllers/AssetController.scala. Using presentation compiler with project's scala-library version: 3.3.8
2026.07.12 10:07:21 INFO  no build target found for /home/tushar/Desktop/hackathon/Asset-management-app/assetapp/app/controllers/AssetController.scala. Using presentation compiler with project's scala-library version: 3.3.8
2026.07.12 10:07:21 INFO  no build target found for /home/tushar/Desktop/hackathon/Asset-management-app/assetapp/app/controllers/AssetController.scala. Using presentation compiler with project's scala-library version: 3.3.8
2026.07.12 10:07:22 INFO  no build target found for /home/tushar/Desktop/hackathon/Asset-management-app/assetapp/app/controllers/AssetController.scala. Using presentation compiler with project's scala-library version: 3.3.8
2026.07.12 10:07:22 INFO  no build target found for /home/tushar/Desktop/hackathon/Asset-management-app/assetapp/app/controllers/AssetController.scala. Using presentation compiler with project's scala-library version: 3.3.8
2026.07.12 10:07:22 INFO  no build target found for /home/tushar/Desktop/hackathon/Asset-management-app/assetapp/app/controllers/AssetController.scala. Using presentation compiler with project's scala-library version: 3.3.8
2026.07.12 10:07:22 INFO  no build target found for /home/tushar/Desktop/hackathon/Asset-management-app/assetapp/app/controllers/AssetController.scala. Using presentation compiler with project's scala-library version: 3.3.8
2026.07.12 10:07:23 INFO  no build target found for /home/tushar/Desktop/hackathon/Asset-management-app/assetapp/app/controllers/AssetController.scala. Using presentation compiler with project's scala-library version: 3.3.8
2026.07.12 10:07:23 INFO  no build target found for /home/tushar/Desktop/hackathon/Asset-management-app/assetapp/app/controllers/AssetController.scala. Using presentation compiler with project's scala-library version: 3.3.8
2026.07.12 10:07:25 INFO  no build target found for /home/tushar/Desktop/hackathon/Asset-management-app/assetapp/app/controllers/AssetController.scala. Using presentation compiler with project's scala-library version: 3.3.8
2026.07.12 10:07:27 INFO  no build target found for /home/tushar/Desktop/hackathon/Asset-management-app/assetapp/app/controllers/AssetController.scala. Using presentation compiler with project's scala-library version: 3.3.8
2026.07.12 10:07:27 INFO  no build target found for /home/tushar/Desktop/hackathon/Asset-management-app/assetapp/app/controllers/AssetController.scala. Using presentation compiler with project's scala-library version: 3.3.8
2026.07.12 10:07:27 INFO  no build target found for /home/tushar/Desktop/hackathon/Asset-management-app/assetapp/app/controllers/AssetController.scala. Using presentation compiler with project's scala-library version: 3.3.8
2026.07.12 10:07:27 INFO  no build target found for /home/tushar/Desktop/hackathon/Asset-management-app/assetapp/app/controllers/AssetController.scala. Using presentation compiler with project's scala-library version: 3.3.8
2026.07.12 10:07:28 INFO  no build target found for /home/tushar/Desktop/hackathon/Asset-management-app/assetapp/app/controllers/AssetController.scala. Using presentation compiler with project's scala-library version: 3.3.8
2026.07.12 10:07:28 INFO  no build target found for /home/tushar/Desktop/hackathon/Asset-management-app/assetapp/app/controllers/AssetController.scala. Using presentation compiler with project's scala-library version: 3.3.8
2026.07.12 10:07:28 INFO  no build target found for /home/tushar/Desktop/hackathon/Asset-management-app/assetapp/app/controllers/AssetController.scala. Using presentation compiler with project's scala-library version: 3.3.8
2026.07.12 10:07:28 INFO  no build target found for /home/tushar/Desktop/hackathon/Asset-management-app/assetapp/app/controllers/AssetController.scala. Using presentation compiler with project's scala-library version: 3.3.8
2026.07.12 10:07:28 INFO  no build target found for /home/tushar/Desktop/hackathon/Asset-management-app/assetapp/app/controllers/AssetController.scala. Using presentation compiler with project's scala-library version: 3.3.8
2026.07.12 10:07:28 INFO  no build target found for /home/tushar/Desktop/hackathon/Asset-management-app/assetapp/app/controllers/AssetController.scala. Using presentation compiler with project's scala-library version: 3.3.8
2026.07.12 10:07:28 INFO  no build target found for /home/tushar/Desktop/hackathon/Asset-management-app/assetapp/app/controllers/AssetController.scala. Using presentation compiler with project's scala-library version: 3.3.8
2026.07.12 10:07:29 INFO  no build target found for /home/tushar/Desktop/hackathon/Asset-management-app/assetapp/app/controllers/AssetController.scala. Using presentation compiler with project's scala-library version: 3.3.8
2026.07.12 10:07:29 INFO  no build target found for /home/tushar/Desktop/hackathon/Asset-management-app/assetapp/app/controllers/AssetController.scala. Using presentation compiler with project's scala-library version: 3.3.8
2026.07.12 10:07:29 INFO  no build target found for /home/tushar/Desktop/hackathon/Asset-management-app/assetapp/app/controllers/AssetController.scala. Using presentation compiler with project's scala-library version: 3.3.8
2026.07.12 10:07:34 INFO  no build target found for /home/tushar/Desktop/hackathon/Asset-management-app/assetapp/app/controllers/AssetController.scala. Using presentation compiler with project's scala-library version: 3.3.8
2026.07.12 10:07:38 INFO  no build target found for /home/tushar/Desktop/hackathon/Asset-management-app/assetapp/app/controllers/AssetController.scala. Using presentation compiler with project's scala-library version: 3.3.8
2026.07.12 10:07:38 INFO  no build target found for /home/tushar/Desktop/hackathon/Asset-management-app/assetapp/app/controllers/AssetController.scala. Using presentation compiler with project's scala-library version: 3.3.8
2026.07.12 10:07:38 INFO  no build target found for /home/tushar/Desktop/hackathon/Asset-management-app/assetapp/app/controllers/AssetController.scala. Using presentation compiler with project's scala-library version: 3.3.8
2026.07.12 10:07:40 INFO  no build target found for /home/tushar/Desktop/hackathon/Asset-management-app/assetapp/app/controllers/AssetController.scala. Using presentation compiler with project's scala-library version: 3.3.8
2026.07.12 10:07:40 INFO  no build target found for /home/tushar/Desktop/hackathon/Asset-management-app/assetapp/app/controllers/AssetController.scala. Using presentation compiler with project's scala-library version: 3.3.8
2026.07.12 10:07:40 INFO  no build target found for /home/tushar/Desktop/hackathon/Asset-management-app/assetapp/app/controllers/AssetController.scala. Using presentation compiler with project's scala-library version: 3.3.8
2026.07.12 10:07:40 INFO  no build target found for /home/tushar/Desktop/hackathon/Asset-management-app/assetapp/app/controllers/AssetController.scala. Using presentation compiler with project's scala-library version: 3.3.8
2026.07.12 10:07:40 INFO  no build target found for /home/tushar/Desktop/hackathon/Asset-management-app/assetapp/app/controllers/AssetController.scala. Using presentation compiler with project's scala-library version: 3.3.8
2026.07.12 10:07:40 INFO  no build target found for /home/tushar/Desktop/hackathon/Asset-management-app/assetapp/app/controllers/AssetController.scala. Using presentation compiler with project's scala-library version: 3.3.8
2026.07.12 10:07:40 INFO  no build target found for /home/tushar/Desktop/hackathon/Asset-management-app/assetapp/app/controllers/AssetController.scala. Using presentation compiler with project's scala-library version: 3.3.8
2026.07.12 10:07:40 INFO  no build target found for /home/tushar/Desktop/hackathon/Asset-management-app/assetapp/app/controllers/AssetController.scala. Using presentation compiler with project's scala-library version: 3.3.8
2026.07.12 10:07:40 INFO  no build target found for /home/tushar/Desktop/hackathon/Asset-management-app/assetapp/app/controllers/AssetController.scala. Using presentation compiler with project's scala-library version: 3.3.8
2026.07.12 10:07:40 INFO  no build target found for /home/tushar/Desktop/hackathon/Asset-management-app/assetapp/app/controllers/AssetController.scala. Using presentation compiler with project's scala-library version: 3.3.8
2026.07.12 10:07:41 INFO  no build target found for /home/tushar/Desktop/hackathon/Asset-management-app/assetapp/app/controllers/AssetController.scala. Using presentation compiler with project's scala-library version: 3.3.8
2026.07.12 10:07:41 INFO  no build target found for /home/tushar/Desktop/hackathon/Asset-management-app/assetapp/app/controllers/AssetController.scala. Using presentation compiler with project's scala-library version: 3.3.8
2026.07.12 10:07:40 INFO  no build target found for /home/tushar/Desktop/hackathon/Asset-management-app/assetapp/app/controllers/AssetController.scala. Using presentation compiler with project's scala-library version: 3.3.8
2026.07.12 10:07:41 INFO  no build target found for /home/tushar/Desktop/hackathon/Asset-management-app/assetapp/app/controllers/AssetController.scala. Using presentation compiler with project's scala-library version: 3.3.8
2026.07.12 10:07:41 INFO  no build target found for /home/tushar/Desktop/hackathon/Asset-management-app/assetapp/app/controllers/AssetController.scala. Using presentation compiler with project's scala-library version: 3.3.8
2026.07.12 10:07:41 INFO  no build target found for /home/tushar/Desktop/hackathon/Asset-management-app/assetapp/app/controllers/AssetController.scala. Using presentation compiler with project's scala-library version: 3.3.8
2026.07.12 10:07:41 INFO  no build target found for /home/tushar/Desktop/hackathon/Asset-management-app/assetapp/app/controllers/AssetController.scala. Using presentation compiler with project's scala-library version: 3.3.8
2026.07.12 10:07:43 WARN  no build target for: /home/tushar/Desktop/hackathon/Asset-management-app/assetapp/app/controllers/AssetController.scala
2026.07.12 10:07:43 INFO  no build target found for /home/tushar/Desktop/hackathon/Asset-management-app/assetapp/app/controllers/AssetController.scala. Using presentation compiler with project's scala-library version: 3.3.8
2026.07.12 10:07:45 INFO  no build target found for /home/tushar/Desktop/hackathon/Asset-management-app/assetapp/build.sbt. Using presentation compiler with project's scala-library version: 3.3.8
2026.07.12 10:07:45 WARN  no build target for: /home/tushar/Desktop/hackathon/Asset-management-app/assetapp/build.sbt
2026.07.12 10:07:45 INFO  no build target found for /home/tushar/Desktop/hackathon/Asset-management-app/assetapp/build.sbt. Using presentation compiler with project's scala-library version: 3.3.8
2026.07.12 10:07:46 INFO  no build target found for /home/tushar/Desktop/hackathon/Asset-management-app/assetapp/build.sbt. Using presentation compiler with project's scala-library version: 3.3.8
2026.07.12 10:07:45 INFO  no build target found for /home/tushar/Desktop/hackathon/Asset-management-app/assetapp/build.sbt. Using presentation compiler with project's scala-library version: 3.3.8
2026.07.12 10:07:45 INFO  no build target found for /home/tushar/Desktop/hackathon/Asset-management-app/assetapp/build.sbt. Using presentation compiler with project's scala-library version: 3.3.8
2026.07.12 10:08:24 INFO  no build target found for /home/tushar/Desktop/hackathon/Asset-management-app/assetapp/app/controllers/AssetController.scala. Using presentation compiler with project's scala-library version: 3.3.8
2026.07.12 10:08:24 WARN  no build target for: /home/tushar/Desktop/hackathon/Asset-management-app/assetapp/app/controllers/AssetController.scala
2026.07.12 10:08:24 INFO  no build target found for /home/tushar/Desktop/hackathon/Asset-management-app/assetapp/app/controllers/AssetController.scala. Using presentation compiler with project's scala-library version: 3.3.8
2026.07.12 10:08:24 INFO  no build target found for /home/tushar/Desktop/hackathon/Asset-management-app/assetapp/app/controllers/AssetController.scala. Using presentation compiler with project's scala-library version: 3.3.8
2026.07.12 10:08:24 INFO  no build target found for /home/tushar/Desktop/hackathon/Asset-management-app/assetapp/app/controllers/AssetController.scala. Using presentation compiler with project's scala-library version: 3.3.8
2026.07.12 10:08:24 INFO  no build target found for /home/tushar/Desktop/hackathon/Asset-management-app/assetapp/app/controllers/AssetController.scala. Using presentation compiler with project's scala-library version: 3.3.8
2026.07.12 10:09:15 INFO  no build target found for /home/tushar/Desktop/hackathon/Asset-management-app/assetapp/build.sbt. Using presentation compiler with project's scala-library version: 3.3.8
2026.07.12 10:09:15 WARN  no build target for: /home/tushar/Desktop/hackathon/Asset-management-app/assetapp/build.sbt
2026.07.12 10:09:15 INFO  no build target found for /home/tushar/Desktop/hackathon/Asset-management-app/assetapp/build.sbt. Using presentation compiler with project's scala-library version: 3.3.8
2026.07.12 10:09:15 INFO  no build target found for /home/tushar/Desktop/hackathon/Asset-management-app/assetapp/build.sbt. Using presentation compiler with project's scala-library version: 3.3.8
2026.07.12 10:09:15 INFO  no build target found for /home/tushar/Desktop/hackathon/Asset-management-app/assetapp/build.sbt. Using presentation compiler with project's scala-library version: 3.3.8
2026.07.12 10:09:15 INFO  no build target found for /home/tushar/Desktop/hackathon/Asset-management-app/assetapp/build.sbt. Using presentation compiler with project's scala-library version: 3.3.8
2026.07.12 10:11:19 INFO  no build target found for /home/tushar/Desktop/hackathon/Asset-management-app/assetapp/app/controllers/AssetController.scala. Using presentation compiler with project's scala-library version: 3.3.8
2026.07.12 10:11:19 WARN  no build target for: /home/tushar/Desktop/hackathon/Asset-management-app/assetapp/app/controllers/AssetController.scala
2026.07.12 10:11:19 INFO  no build target found for /home/tushar/Desktop/hackathon/Asset-management-app/assetapp/app/controllers/AssetController.scala. Using presentation compiler with project's scala-library version: 3.3.8
2026.07.12 10:11:19 INFO  no build target found for /home/tushar/Desktop/hackathon/Asset-management-app/assetapp/app/controllers/AssetController.scala. Using presentation compiler with project's scala-library version: 3.3.8
2026.07.12 10:11:19 INFO  no build target found for /home/tushar/Desktop/hackathon/Asset-management-app/assetapp/app/controllers/AssetController.scala. Using presentation compiler with project's scala-library version: 3.3.8
2026.07.12 10:11:19 INFO  no build target found for /home/tushar/Desktop/hackathon/Asset-management-app/assetapp/app/controllers/AssetController.scala. Using presentation compiler with project's scala-library version: 3.3.8
